<?xml version="1.0" encoding="UTF-8"?>
<testsuite xmlns:xsi="http://www.w3.org/2001/XMLSchema-instance" xsi:noNamespaceSchemaLocation="https://maven.apache.org/surefire/maven-surefire-plugin/xsd/surefire-test-report.xsd" name="TestSuite" time="65.732" tests="131" errors="0" skipped="2" failures="2">
  <properties>
    <property name="java.specification.version" value="17"/>
    <property name="sun.cpu.isalist" value="amd64"/>
    <property name="sun.jnu.encoding" value="Cp1252"/>
    <property name="java.class.path" value="C:\Users\Admin\Desktop\Assured\target\test-classes;C:\Users\Admin\Desktop\Assured\target\classes;C:\Windows\system32\config\systemprofile\.m2\repository\io\rest-assured\rest-assured\5.4.0\rest-assured-5.4.0.jar;C:\Windows\system32\config\systemprofile\.m2\repository\org\apache\groovy\groovy\4.0.16\groovy-4.0.16.jar;C:\Windows\system32\config\systemprofile\.m2\repository\org\apache\groovy\groovy-xml\4.0.16\groovy-xml-4.0.16.jar;C:\Windows\system32\config\systemprofile\.m2\repository\org\apache\httpcomponents\httpclient\4.5.13\httpclient-4.5.13.jar;C:\Windows\system32\config\systemprofile\.m2\repository\org\apache\httpcomponents\httpcore\4.4.13\httpcore-4.4.13.jar;C:\Windows\system32\config\systemprofile\.m2\repository\commons-logging\commons-logging\1.2\commons-logging-1.2.jar;C:\Windows\system32\config\systemprofile\.m2\repository\commons-codec\commons-codec\1.11\commons-codec-1.11.jar;C:\Windows\system32\config\systemprofile\.m2\repository\org\apache\httpcomponents\httpmime\4.5.13\httpmime-4.5.13.jar;C:\Windows\system32\config\systemprofile\.m2\repository\org\hamcrest\hamcrest\2.2\hamcrest-2.2.jar;C:\Windows\system32\config\systemprofile\.m2\repository\org\ccil\cowan\tagsoup\tagsoup\1.2.1\tagsoup-1.2.1.jar;C:\Windows\system32\config\systemprofile\.m2\repository\io\rest-assured\json-path\5.4.0\json-path-5.4.0.jar;C:\Windows\system32\config\systemprofile\.m2\repository\org\apache\groovy\groovy-json\4.0.16\groovy-json-4.0.16.jar;C:\Windows\system32\config\systemprofile\.m2\repository\io\rest-assured\rest-assured-common\5.4.0\rest-assured-common-5.4.0.jar;C:\Windows\system32\config\systemprofile\.m2\repository\io\rest-assured\xml-path\5.4.0\xml-path-5.4.0.jar;C:\Windows\system32\config\systemprofile\.m2\repository\log4j\log4j\1.2.17\log4j-1.2.17.jar;C:\Windows\system32\config\systemprofile\.m2\repository\org\slf4j\slf4j-api\2.0.16\slf4j-api-2.0.16.jar;C:\Windows\system32\config\systemprofile\.m2\repository\ch\qos\logback\logback-classic\1.3.0\logback-classic-1.3.0.jar;C:\Windows\system32\config\systemprofile\.m2\repository\ch\qos\logback\logback-core\1.3.0\logback-core-1.3.0.jar;C:\Windows\system32\config\systemprofile\.m2\repository\org\slf4j\slf4j-reload4j\2.0.13\slf4j-reload4j-2.0.13.jar;C:\Windows\system32\config\systemprofile\.m2\repository\ch\qos\reload4j\reload4j\1.2.22\reload4j-1.2.22.jar;C:\Windows\system32\config\systemprofile\.m2\repository\com\googlecode\json-simple\json-simple\1.1.1\json-simple-1.1.1.jar;C:\Windows\system32\config\systemprofile\.m2\repository\junit\junit\4.10\junit-4.10.jar;C:\Windows\system32\config\systemprofile\.m2\repository\org\testng\testng\7.10.2\testng-7.10.2.jar;C:\Windows\system32\config\systemprofile\.m2\repository\com\beust\jcommander\1.82\jcommander-1.82.jar;C:\Windows\system32\config\systemprofile\.m2\repository\org\webjars\jquery\3.7.1\jquery-3.7.1.jar;C:\Windows\system32\config\systemprofile\.m2\repository\org\seleniumhq\selenium\selenium-java\4.20.0\selenium-java-4.20.0.jar;C:\Windows\system32\config\systemprofile\.m2\repository\org\seleniumhq\selenium\selenium-api\4.20.0\selenium-api-4.20.0.jar;C:\Windows\system32\config\systemprofile\.m2\repository\org\seleniumhq\selenium\selenium-chrome-driver\4.20.0\selenium-chrome-driver-4.20.0.jar;C:\Windows\system32\config\systemprofile\.m2\repository\com\google\auto\service\auto-service-annotations\1.1.1\auto-service-annotations-1.1.1.jar;C:\Windows\system32\config\systemprofile\.m2\repository\org\seleniumhq\selenium\selenium-chromium-driver\4.20.0\selenium-chromium-driver-4.20.0.jar;C:\Windows\system32\config\systemprofile\.m2\repository\org\seleniumhq\selenium\selenium-json\4.20.0\selenium-json-4.20.0.jar;C:\Windows\system32\config\systemprofile\.m2\repository\org\seleniumhq\selenium\selenium-manager\4.20.0\selenium-manager-4.20.0.jar;C:\Windows\system32\config\systemprofile\.m2\repository\org\seleniumhq\selenium\selenium-devtools-v122\4.20.0\selenium-devtools-v122-4.20.0.jar;C:\Windows\system32\config\systemprofile\.m2\repository\org\seleniumhq\selenium\selenium-devtools-v123\4.20.0\selenium-devtools-v123-4.20.0.jar;C:\Windows\system32\config\systemprofile\.m2\repository\org\seleniumhq\selenium\selenium-devtools-v124\4.20.0\selenium-devtools-v124-4.20.0.jar;C:\Windows\system32\config\systemprofile\.m2\repository\org\seleniumhq\selenium\selenium-devtools-v85\4.20.0\selenium-devtools-v85-4.20.0.jar;C:\Windows\system32\config\systemprofile\.m2\repository\org\seleniumhq\selenium\selenium-edge-driver\4.20.0\selenium-edge-driver-4.20.0.jar;C:\Windows\system32\config\systemprofile\.m2\repository\org\seleniumhq\selenium\selenium-firefox-driver\4.20.0\selenium-firefox-driver-4.20.0.jar;C:\Windows\system32\config\systemprofile\.m2\repository\org\seleniumhq\selenium\selenium-http\4.20.0\selenium-http-4.20.0.jar;C:\Windows\system32\config\systemprofile\.m2\repository\dev\failsafe\failsafe\3.3.2\failsafe-3.3.2.jar;C:\Windows\system32\config\systemprofile\.m2\repository\org\seleniumhq\selenium\selenium-ie-driver\4.20.0\selenium-ie-driver-4.20.0.jar;C:\Windows\system32\config\systemprofile\.m2\repository\org\seleniumhq\selenium\selenium-remote-driver\4.20.0\selenium-remote-driver-4.20.0.jar;C:\Windows\system32\config\systemprofile\.m2\repository\io\opentelemetry\semconv\opentelemetry-semconv\1.25.0-alpha\opentelemetry-semconv-1.25.0-alpha.jar;C:\Windows\system32\config\systemprofile\.m2\repository\io\opentelemetry\opentelemetry-api\1.37.0\opentelemetry-api-1.37.0.jar;C:\Windows\system32\config\systemprofile\.m2\repository\io\opentelemetry\opentelemetry-context\1.37.0\opentelemetry-context-1.37.0.jar;C:\Windows\system32\config\systemprofile\.m2\repository\io\opentelemetry\opentelemetry-exporter-logging\1.37.0\opentelemetry-exporter-logging-1.37.0.jar;C:\Windows\system32\config\systemprofile\.m2\repository\io\opentelemetry\opentelemetry-sdk-common\1.37.0\opentelemetry-sdk-common-1.37.0.jar;C:\Windows\system32\config\systemprofile\.m2\repository\io\opentelemetry\opentelemetry-sdk-extension-autoconfigure-spi\1.37.0\opentelemetry-sdk-extension-autoconfigure-spi-1.37.0.jar;C:\Windows\system32\config\systemprofile\.m2\repository\io\opentelemetry\opentelemetry-sdk-extension-autoconfigure\1.37.0\opentelemetry-sdk-extension-autoconfigure-1.37.0.jar;C:\Windows\system32\config\systemprofile\.m2\repository\io\opentelemetry\opentelemetry-api-incubator\1.37.0-alpha\opentelemetry-api-incubator-1.37.0-alpha.jar;C:\Windows\system32\config\systemprofile\.m2\repository\io\opentelemetry\opentelemetry-sdk-trace\1.37.0\opentelemetry-sdk-trace-1.37.0.jar;C:\Windows\system32\config\systemprofile\.m2\repository\io\opentelemetry\opentelemetry-sdk\1.37.0\opentelemetry-sdk-1.37.0.jar;C:\Windows\system32\config\systemprofile\.m2\repository\io\opentelemetry\opentelemetry-sdk-metrics\1.37.0\opentelemetry-sdk-metrics-1.37.0.jar;C:\Windows\system32\config\systemprofile\.m2\repository\io\opentelemetry\opentelemetry-sdk-logs\1.37.0\opentelemetry-sdk-logs-1.37.0.jar;C:\Windows\system32\config\systemprofile\.m2\repository\net\bytebuddy\byte-buddy\1.14.14\byte-buddy-1.14.14.jar;C:\Windows\system32\config\systemprofile\.m2\repository\org\seleniumhq\selenium\selenium-os\4.20.0\selenium-os-4.20.0.jar;C:\Windows\system32\config\systemprofile\.m2\repository\org\apache\commons\commons-exec\1.4.0\commons-exec-1.4.0.jar;C:\Windows\system32\config\systemprofile\.m2\repository\org\seleniumhq\selenium\selenium-safari-driver\4.20.0\selenium-safari-driver-4.20.0.jar;C:\Windows\system32\config\systemprofile\.m2\repository\org\seleniumhq\selenium\selenium-support\4.20.0\selenium-support-4.20.0.jar;C:\Windows\system32\config\systemprofile\.m2\repository\org\json\json\20240303\json-20240303.jar;C:\Windows\system32\config\systemprofile\.m2\repository\org\hamcrest\hamcrest-core\2.2\hamcrest-core-2.2.jar;C:\Windows\system32\config\systemprofile\.m2\repository\io\rest-assured\json-schema-validator\5.4.0\json-schema-validator-5.4.0.jar;C:\Windows\system32\config\systemprofile\.m2\repository\com\github\java-json-tools\json-schema-validator\2.2.14\json-schema-validator-2.2.14.jar;C:\Windows\system32\config\systemprofile\.m2\repository\com\github\java-json-tools\jackson-coreutils-equivalence\1.0\jackson-coreutils-equivalence-1.0.jar;C:\Windows\system32\config\systemprofile\.m2\repository\com\github\java-json-tools\jackson-coreutils\2.0\jackson-coreutils-2.0.jar;C:\Windows\system32\config\systemprofile\.m2\repository\com\github\java-json-tools\msg-simple\1.2\msg-simple-1.2.jar;C:\Windows\system32\config\systemprofile\.m2\repository\com\github\java-json-tools\btf\1.3\btf-1.3.jar;C:\Windows\system32\config\systemprofile\.m2\repository\com\github\java-json-tools\json-schema-core\1.2.14\json-schema-core-1.2.14.jar;C:\Windows\system32\config\systemprofile\.m2\repository\com\github\java-json-tools\uri-template\0.10\uri-template-0.10.jar;C:\Windows\system32\config\systemprofile\.m2\repository\org\mozilla\rhino\1.7.7.2\rhino-1.7.7.2.jar;C:\Windows\system32\config\systemprofile\.m2\repository\com\sun\mail\mailapi\1.6.2\mailapi-1.6.2.jar;C:\Windows\system32\config\systemprofile\.m2\repository\joda-time\joda-time\2.10.5\joda-time-2.10.5.jar;C:\Windows\system32\config\systemprofile\.m2\repository\com\googlecode\libphonenumber\libphonenumber\8.11.1\libphonenumber-8.11.1.jar;C:\Windows\system32\config\systemprofile\.m2\repository\com\google\code\findbugs\jsr305\3.0.2\jsr305-3.0.2.jar;C:\Windows\system32\config\systemprofile\.m2\repository\net\sf\jopt-simple\jopt-simple\5.0.4\jopt-simple-5.0.4.jar;C:\Windows\system32\config\systemprofile\.m2\repository\com\google\guava\guava\32.0.1-jre\guava-32.0.1-jre.jar;C:\Windows\system32\config\systemprofile\.m2\repository\com\google\guava\failureaccess\1.0.1\failureaccess-1.0.1.jar;C:\Windows\system32\config\systemprofile\.m2\repository\com\google\guava\listenablefuture\9999.0-empty-to-avoid-conflict-with-guava\listenablefuture-9999.0-empty-to-avoid-conflict-with-guava.jar;C:\Windows\system32\config\systemprofile\.m2\repository\org\checkerframework\checker-qual\3.33.0\checker-qual-3.33.0.jar;C:\Windows\system32\config\systemprofile\.m2\repository\com\google\errorprone\error_prone_annotations\2.18.0\error_prone_annotations-2.18.0.jar;C:\Windows\system32\config\systemprofile\.m2\repository\com\google\j2objc\j2objc-annotations\2.8\j2objc-annotations-2.8.jar;C:\Windows\system32\config\systemprofile\.m2\repository\com\aventstack\extentreports\4.1.5\extentreports-4.1.5.jar;C:\Windows\system32\config\systemprofile\.m2\repository\org\freemarker\freemarker\2.3.29\freemarker-2.3.29.jar;C:\Windows\system32\config\systemprofile\.m2\repository\com\google\code\gson\gson\2.8.6\gson-2.8.6.jar;C:\Windows\system32\config\systemprofile\.m2\repository\org\mongodb\mongodb-driver\3.12.0\mongodb-driver-3.12.0.jar;C:\Windows\system32\config\systemprofile\.m2\repository\org\mongodb\mongodb-driver-core\3.12.0\mongodb-driver-core-3.12.0.jar;C:\Windows\system32\config\systemprofile\.m2\repository\org\mongodb\bson\3.12.0\bson-3.12.0.jar;C:\Windows\system32\config\systemprofile\.m2\repository\com\relevantcodes\extentreports\2.41.2\extentreports-2.41.2.jar;C:\Windows\system32\config\systemprofile\.m2\repository\org\jsoup\jsoup\1.8.3\jsoup-1.8.3.jar;C:\Windows\system32\config\systemprofile\.m2\repository\org\xerial\sqlite-jdbc\3.8.11.1\sqlite-jdbc-3.8.11.1.jar;C:\Windows\system32\config\systemprofile\.m2\repository\io\jsonwebtoken\jjwt-api\0.11.2\jjwt-api-0.11.2.jar;C:\Windows\system32\config\systemprofile\.m2\repository\io\jsonwebtoken\jjwt-impl\0.11.2\jjwt-impl-0.11.2.jar;C:\Windows\system32\config\systemprofile\.m2\repository\io\jsonwebtoken\jjwt-jackson\0.11.2\jjwt-jackson-0.11.2.jar;C:\Windows\system32\config\systemprofile\.m2\repository\com\github\javafaker\javafaker\1.0.2\javafaker-1.0.2.jar;C:\Windows\system32\config\systemprofile\.m2\repository\org\apache\commons\commons-lang3\3.5\commons-lang3-3.5.jar;C:\Windows\system32\config\systemprofile\.m2\repository\org\yaml\snakeyaml\1.23\snakeyaml-1.23-android.jar;C:\Windows\system32\config\systemprofile\.m2\repository\com\github\mifmif\generex\1.0.2\generex-1.0.2.jar;C:\Windows\system32\config\systemprofile\.m2\repository\dk\brics\automaton\automaton\1.11-8\automaton-1.11-8.jar;C:\Windows\system32\config\systemprofile\.m2\repository\commons-io\commons-io\1.3.2\commons-io-1.3.2.jar;C:\Windows\system32\config\systemprofile\.m2\repository\com\fasterxml\jackson\core\jackson-databind\2.17.1\jackson-databind-2.17.1.jar;C:\Windows\system32\config\systemprofile\.m2\repository\com\fasterxml\jackson\core\jackson-annotations\2.17.1\jackson-annotations-2.17.1.jar;C:\Windows\system32\config\systemprofile\.m2\repository\com\fasterxml\jackson\core\jackson-core\2.17.1\jackson-core-2.17.1.jar;"/>
    <property name="java.vm.vendor" value="Oracle Corporation"/>
    <property name="sun.arch.data.model" value="64"/>
    <property name="user.variant" value=""/>
    <property name="java.vendor.url" value="https://java.oracle.com/"/>
    <property name="user.timezone" value="Asia/Calcutta"/>
    <property name="os.name" value="Windows 10"/>
    <property name="java.vm.specification.version" value="17"/>
    <property name="sun.java.launcher" value="SUN_STANDARD"/>
    <property name="user.country" value="US"/>
    <property name="sun.boot.library.path" value="C:\Program Files\Java\jdk-17\bin"/>
    <property name="sun.java.command" value="C:\Windows\TEMP\surefire15496797267831222618\surefirebooter14118910346469793953.jar C:\Windows\Temp\surefire15496797267831222618 2024-10-03T11-51-15_292-jvmRun1 surefire3693546641040161629tmp surefire_018432617283019524561tmp"/>
    <property name="jdk.debug" value="release"/>
    <property name="surefire.test.class.path" value="C:\Users\Admin\Desktop\Assured\target\test-classes;C:\Users\Admin\Desktop\Assured\target\classes;C:\Windows\system32\config\systemprofile\.m2\repository\io\rest-assured\rest-assured\5.4.0\rest-assured-5.4.0.jar;C:\Windows\system32\config\systemprofile\.m2\repository\org\apache\groovy\groovy\4.0.16\groovy-4.0.16.jar;C:\Windows\system32\config\systemprofile\.m2\repository\org\apache\groovy\groovy-xml\4.0.16\groovy-xml-4.0.16.jar;C:\Windows\system32\config\systemprofile\.m2\repository\org\apache\httpcomponents\httpclient\4.5.13\httpclient-4.5.13.jar;C:\Windows\system32\config\systemprofile\.m2\repository\org\apache\httpcomponents\httpcore\4.4.13\httpcore-4.4.13.jar;C:\Windows\system32\config\systemprofile\.m2\repository\commons-logging\commons-logging\1.2\commons-logging-1.2.jar;C:\Windows\system32\config\systemprofile\.m2\repository\commons-codec\commons-codec\1.11\commons-codec-1.11.jar;C:\Windows\system32\config\systemprofile\.m2\repository\org\apache\httpcomponents\httpmime\4.5.13\httpmime-4.5.13.jar;C:\Windows\system32\config\systemprofile\.m2\repository\org\hamcrest\hamcrest\2.2\hamcrest-2.2.jar;C:\Windows\system32\config\systemprofile\.m2\repository\org\ccil\cowan\tagsoup\tagsoup\1.2.1\tagsoup-1.2.1.jar;C:\Windows\system32\config\systemprofile\.m2\repository\io\rest-assured\json-path\5.4.0\json-path-5.4.0.jar;C:\Windows\system32\config\systemprofile\.m2\repository\org\apache\groovy\groovy-json\4.0.16\groovy-json-4.0.16.jar;C:\Windows\system32\config\systemprofile\.m2\repository\io\rest-assured\rest-assured-common\5.4.0\rest-assured-common-5.4.0.jar;C:\Windows\system32\config\systemprofile\.m2\repository\io\rest-assured\xml-path\5.4.0\xml-path-5.4.0.jar;C:\Windows\system32\config\systemprofile\.m2\repository\log4j\log4j\1.2.17\log4j-1.2.17.jar;C:\Windows\system32\config\systemprofile\.m2\repository\org\slf4j\slf4j-api\2.0.16\slf4j-api-2.0.16.jar;C:\Windows\system32\config\systemprofile\.m2\repository\ch\qos\logback\logback-classic\1.3.0\logback-classic-1.3.0.jar;C:\Windows\system32\config\systemprofile\.m2\repository\ch\qos\logback\logback-core\1.3.0\logback-core-1.3.0.jar;C:\Windows\system32\config\systemprofile\.m2\repository\org\slf4j\slf4j-reload4j\2.0.13\slf4j-reload4j-2.0.13.jar;C:\Windows\system32\config\systemprofile\.m2\repository\ch\qos\reload4j\reload4j\1.2.22\reload4j-1.2.22.jar;C:\Windows\system32\config\systemprofile\.m2\repository\com\googlecode\json-simple\json-simple\1.1.1\json-simple-1.1.1.jar;C:\Windows\system32\config\systemprofile\.m2\repository\junit\junit\4.10\junit-4.10.jar;C:\Windows\system32\config\systemprofile\.m2\repository\org\testng\testng\7.10.2\testng-7.10.2.jar;C:\Windows\system32\config\systemprofile\.m2\repository\com\beust\jcommander\1.82\jcommander-1.82.jar;C:\Windows\system32\config\systemprofile\.m2\repository\org\webjars\jquery\3.7.1\jquery-3.7.1.jar;C:\Windows\system32\config\systemprofile\.m2\repository\org\seleniumhq\selenium\selenium-java\4.20.0\selenium-java-4.20.0.jar;C:\Windows\system32\config\systemprofile\.m2\repository\org\seleniumhq\selenium\selenium-api\4.20.0\selenium-api-4.20.0.jar;C:\Windows\system32\config\systemprofile\.m2\repository\org\seleniumhq\selenium\selenium-chrome-driver\4.20.0\selenium-chrome-driver-4.20.0.jar;C:\Windows\system32\config\systemprofile\.m2\repository\com\google\auto\service\auto-service-annotations\1.1.1\auto-service-annotations-1.1.1.jar;C:\Windows\system32\config\systemprofile\.m2\repository\org\seleniumhq\selenium\selenium-chromium-driver\4.20.0\selenium-chromium-driver-4.20.0.jar;C:\Windows\system32\config\systemprofile\.m2\repository\org\seleniumhq\selenium\selenium-json\4.20.0\selenium-json-4.20.0.jar;C:\Windows\system32\config\systemprofile\.m2\repository\org\seleniumhq\selenium\selenium-manager\4.20.0\selenium-manager-4.20.0.jar;C:\Windows\system32\config\systemprofile\.m2\repository\org\seleniumhq\selenium\selenium-devtools-v122\4.20.0\selenium-devtools-v122-4.20.0.jar;C:\Windows\system32\config\systemprofile\.m2\repository\org\seleniumhq\selenium\selenium-devtools-v123\4.20.0\selenium-devtools-v123-4.20.0.jar;C:\Windows\system32\config\systemprofile\.m2\repository\org\seleniumhq\selenium\selenium-devtools-v124\4.20.0\selenium-devtools-v124-4.20.0.jar;C:\Windows\system32\config\systemprofile\.m2\repository\org\seleniumhq\selenium\selenium-devtools-v85\4.20.0\selenium-devtools-v85-4.20.0.jar;C:\Windows\system32\config\systemprofile\.m2\repository\org\seleniumhq\selenium\selenium-edge-driver\4.20.0\selenium-edge-driver-4.20.0.jar;C:\Windows\system32\config\systemprofile\.m2\repository\org\seleniumhq\selenium\selenium-firefox-driver\4.20.0\selenium-firefox-driver-4.20.0.jar;C:\Windows\system32\config\systemprofile\.m2\repository\org\seleniumhq\selenium\selenium-http\4.20.0\selenium-http-4.20.0.jar;C:\Windows\system32\config\systemprofile\.m2\repository\dev\failsafe\failsafe\3.3.2\failsafe-3.3.2.jar;C:\Windows\system32\config\systemprofile\.m2\repository\org\seleniumhq\selenium\selenium-ie-driver\4.20.0\selenium-ie-driver-4.20.0.jar;C:\Windows\system32\config\systemprofile\.m2\repository\org\seleniumhq\selenium\selenium-remote-driver\4.20.0\selenium-remote-driver-4.20.0.jar;C:\Windows\system32\config\systemprofile\.m2\repository\io\opentelemetry\semconv\opentelemetry-semconv\1.25.0-alpha\opentelemetry-semconv-1.25.0-alpha.jar;C:\Windows\system32\config\systemprofile\.m2\repository\io\opentelemetry\opentelemetry-api\1.37.0\opentelemetry-api-1.37.0.jar;C:\Windows\system32\config\systemprofile\.m2\repository\io\opentelemetry\opentelemetry-context\1.37.0\opentelemetry-context-1.37.0.jar;C:\Windows\system32\config\systemprofile\.m2\repository\io\opentelemetry\opentelemetry-exporter-logging\1.37.0\opentelemetry-exporter-logging-1.37.0.jar;C:\Windows\system32\config\systemprofile\.m2\repository\io\opentelemetry\opentelemetry-sdk-common\1.37.0\opentelemetry-sdk-common-1.37.0.jar;C:\Windows\system32\config\systemprofile\.m2\repository\io\opentelemetry\opentelemetry-sdk-extension-autoconfigure-spi\1.37.0\opentelemetry-sdk-extension-autoconfigure-spi-1.37.0.jar;C:\Windows\system32\config\systemprofile\.m2\repository\io\opentelemetry\opentelemetry-sdk-extension-autoconfigure\1.37.0\opentelemetry-sdk-extension-autoconfigure-1.37.0.jar;C:\Windows\system32\config\systemprofile\.m2\repository\io\opentelemetry\opentelemetry-api-incubator\1.37.0-alpha\opentelemetry-api-incubator-1.37.0-alpha.jar;C:\Windows\system32\config\systemprofile\.m2\repository\io\opentelemetry\opentelemetry-sdk-trace\1.37.0\opentelemetry-sdk-trace-1.37.0.jar;C:\Windows\system32\config\systemprofile\.m2\repository\io\opentelemetry\opentelemetry-sdk\1.37.0\opentelemetry-sdk-1.37.0.jar;C:\Windows\system32\config\systemprofile\.m2\repository\io\opentelemetry\opentelemetry-sdk-metrics\1.37.0\opentelemetry-sdk-metrics-1.37.0.jar;C:\Windows\system32\config\systemprofile\.m2\repository\io\opentelemetry\opentelemetry-sdk-logs\1.37.0\opentelemetry-sdk-logs-1.37.0.jar;C:\Windows\system32\config\systemprofile\.m2\repository\net\bytebuddy\byte-buddy\1.14.14\byte-buddy-1.14.14.jar;C:\Windows\system32\config\systemprofile\.m2\repository\org\seleniumhq\selenium\selenium-os\4.20.0\selenium-os-4.20.0.jar;C:\Windows\system32\config\systemprofile\.m2\repository\org\apache\commons\commons-exec\1.4.0\commons-exec-1.4.0.jar;C:\Windows\system32\config\systemprofile\.m2\repository\org\seleniumhq\selenium\selenium-safari-driver\4.20.0\selenium-safari-driver-4.20.0.jar;C:\Windows\system32\config\systemprofile\.m2\repository\org\seleniumhq\selenium\selenium-support\4.20.0\selenium-support-4.20.0.jar;C:\Windows\system32\config\systemprofile\.m2\repository\org\json\json\20240303\json-20240303.jar;C:\Windows\system32\config\systemprofile\.m2\repository\org\hamcrest\hamcrest-core\2.2\hamcrest-core-2.2.jar;C:\Windows\system32\config\systemprofile\.m2\repository\io\rest-assured\json-schema-validator\5.4.0\json-schema-validator-5.4.0.jar;C:\Windows\system32\config\systemprofile\.m2\repository\com\github\java-json-tools\json-schema-validator\2.2.14\json-schema-validator-2.2.14.jar;C:\Windows\system32\config\systemprofile\.m2\repository\com\github\java-json-tools\jackson-coreutils-equivalence\1.0\jackson-coreutils-equivalence-1.0.jar;C:\Windows\system32\config\systemprofile\.m2\repository\com\github\java-json-tools\jackson-coreutils\2.0\jackson-coreutils-2.0.jar;C:\Windows\system32\config\systemprofile\.m2\repository\com\github\java-json-tools\msg-simple\1.2\msg-simple-1.2.jar;C:\Windows\system32\config\systemprofile\.m2\repository\com\github\java-json-tools\btf\1.3\btf-1.3.jar;C:\Windows\system32\config\systemprofile\.m2\repository\com\github\java-json-tools\json-schema-core\1.2.14\json-schema-core-1.2.14.jar;C:\Windows\system32\config\systemprofile\.m2\repository\com\github\java-json-tools\uri-template\0.10\uri-template-0.10.jar;C:\Windows\system32\config\systemprofile\.m2\repository\org\mozilla\rhino\1.7.7.2\rhino-1.7.7.2.jar;C:\Windows\system32\config\systemprofile\.m2\repository\com\sun\mail\mailapi\1.6.2\mailapi-1.6.2.jar;C:\Windows\system32\config\systemprofile\.m2\repository\joda-time\joda-time\2.10.5\joda-time-2.10.5.jar;C:\Windows\system32\config\systemprofile\.m2\repository\com\googlecode\libphonenumber\libphonenumber\8.11.1\libphonenumber-8.11.1.jar;C:\Windows\system32\config\systemprofile\.m2\repository\com\google\code\findbugs\jsr305\3.0.2\jsr305-3.0.2.jar;C:\Windows\system32\config\systemprofile\.m2\repository\net\sf\jopt-simple\jopt-simple\5.0.4\jopt-simple-5.0.4.jar;C:\Windows\system32\config\systemprofile\.m2\repository\com\google\guava\guava\32.0.1-jre\guava-32.0.1-jre.jar;C:\Windows\system32\config\systemprofile\.m2\repository\com\google\guava\failureaccess\1.0.1\failureaccess-1.0.1.jar;C:\Windows\system32\config\systemprofile\.m2\repository\com\google\guava\listenablefuture\9999.0-empty-to-avoid-conflict-with-guava\listenablefuture-9999.0-empty-to-avoid-conflict-with-guava.jar;C:\Windows\system32\config\systemprofile\.m2\repository\org\checkerframework\checker-qual\3.33.0\checker-qual-3.33.0.jar;C:\Windows\system32\config\systemprofile\.m2\repository\com\google\errorprone\error_prone_annotations\2.18.0\error_prone_annotations-2.18.0.jar;C:\Windows\system32\config\systemprofile\.m2\repository\com\google\j2objc\j2objc-annotations\2.8\j2objc-annotations-2.8.jar;C:\Windows\system32\config\systemprofile\.m2\repository\com\aventstack\extentreports\4.1.5\extentreports-4.1.5.jar;C:\Windows\system32\config\systemprofile\.m2\repository\org\freemarker\freemarker\2.3.29\freemarker-2.3.29.jar;C:\Windows\system32\config\systemprofile\.m2\repository\com\google\code\gson\gson\2.8.6\gson-2.8.6.jar;C:\Windows\system32\config\systemprofile\.m2\repository\org\mongodb\mongodb-driver\3.12.0\mongodb-driver-3.12.0.jar;C:\Windows\system32\config\systemprofile\.m2\repository\org\mongodb\mongodb-driver-core\3.12.0\mongodb-driver-core-3.12.0.jar;C:\Windows\system32\config\systemprofile\.m2\repository\org\mongodb\bson\3.12.0\bson-3.12.0.jar;C:\Windows\system32\config\systemprofile\.m2\repository\com\relevantcodes\extentreports\2.41.2\extentreports-2.41.2.jar;C:\Windows\system32\config\systemprofile\.m2\repository\org\jsoup\jsoup\1.8.3\jsoup-1.8.3.jar;C:\Windows\system32\config\systemprofile\.m2\repository\org\xerial\sqlite-jdbc\3.8.11.1\sqlite-jdbc-3.8.11.1.jar;C:\Windows\system32\config\systemprofile\.m2\repository\io\jsonwebtoken\jjwt-api\0.11.2\jjwt-api-0.11.2.jar;C:\Windows\system32\config\systemprofile\.m2\repository\io\jsonwebtoken\jjwt-impl\0.11.2\jjwt-impl-0.11.2.jar;C:\Windows\system32\config\systemprofile\.m2\repository\io\jsonwebtoken\jjwt-jackson\0.11.2\jjwt-jackson-0.11.2.jar;C:\Windows\system32\config\systemprofile\.m2\repository\com\github\javafaker\javafaker\1.0.2\javafaker-1.0.2.jar;C:\Windows\system32\config\systemprofile\.m2\repository\org\apache\commons\commons-lang3\3.5\commons-lang3-3.5.jar;C:\Windows\system32\config\systemprofile\.m2\repository\org\yaml\snakeyaml\1.23\snakeyaml-1.23-android.jar;C:\Windows\system32\config\systemprofile\.m2\repository\com\github\mifmif\generex\1.0.2\generex-1.0.2.jar;C:\Windows\system32\config\systemprofile\.m2\repository\dk\brics\automaton\automaton\1.11-8\automaton-1.11-8.jar;C:\Windows\system32\config\systemprofile\.m2\repository\commons-io\commons-io\1.3.2\commons-io-1.3.2.jar;C:\Windows\system32\config\systemprofile\.m2\repository\com\fasterxml\jackson\core\jackson-databind\2.17.1\jackson-databind-2.17.1.jar;C:\Windows\system32\config\systemprofile\.m2\repository\com\fasterxml\jackson\core\jackson-annotations\2.17.1\jackson-annotations-2.17.1.jar;C:\Windows\system32\config\systemprofile\.m2\repository\com\fasterxml\jackson\core\jackson-core\2.17.1\jackson-core-2.17.1.jar;"/>
    <property name="sun.cpu.endian" value="little"/>
    <property name="user.home" value="C:\Windows\system32\config\systemprofile"/>
    <property name="user.language" value="en"/>
    <property name="java.specification.vendor" value="Oracle Corporation"/>
    <property name="java.version.date" value="2024-01-16"/>
    <property name="java.home" value="C:\Program Files\Java\jdk-17"/>
    <property name="file.separator" value="\"/>
    <property name="basedir" value="C:\Users\Admin\Desktop\Assured"/>
    <property name="java.vm.compressedOopsMode" value="Zero based"/>
    <property name="line.separator" value="&#10;"/>
    <property name="java.vm.specification.vendor" value="Oracle Corporation"/>
    <property name="java.specification.name" value="Java Platform API Specification"/>
    <property name="surefire.real.class.path" value="C:\Windows\TEMP\surefire15496797267831222618\surefirebooter14118910346469793953.jar"/>
    <property name="user.script" value=""/>
    <property name="sun.management.compiler" value="HotSpot 64-Bit Tiered Compilers"/>
    <property name="java.runtime.version" value="17.0.10+11-LTS-240"/>
    <property name="user.name" value="KTLPT1386$"/>
    <property name="path.separator" value=";"/>
    <property name="os.version" value="10.0"/>
    <property name="java.runtime.name" value="Java(TM) SE Runtime Environment"/>
    <property name="file.encoding" value="Cp1252"/>
    <property name="java.vm.name" value="Java HotSpot(TM) 64-Bit Server VM"/>
    <property name="localRepository" value="C:\Windows\system32\config\systemprofile\.m2\repository"/>
    <property name="java.vendor.url.bug" value="https://bugreport.java.com/bugreport/"/>
    <property name="java.io.tmpdir" value="C:\Windows\TEMP\"/>
    <property name="java.version" value="17.0.10"/>
    <property name="user.dir" value="C:\Users\Admin\Desktop\Assured"/>
    <property name="os.arch" value="amd64"/>
    <property name="java.vm.specification.name" value="Java Virtual Machine Specification"/>
    <property name="sun.os.patch.level" value=""/>
    <property name="native.encoding" value="Cp1252"/>
    <property name="java.library.path" value="C:\Program Files\Java\jdk-17\bin;C:\Windows\Sun\Java\bin;C:\Windows\system32;C:\Windows;C:\Program Files\Common Files\Oracle\Java\javapath;C:\Windows\system32;C:\Windows;C:\Windows\System32\Wbem;C:\Windows\System32\WindowsPowerShell\v1.0\;C:\Windows\System32\OpenSSH\;C:\Program Files\dotnet\;C:\Program Files (x86)\Intel\Intel(R) Management Engine Components\DAL;C:\Program Files\Intel\Intel(R) Management Engine Components\DAL;C:\Program Files\nodejs\;C:\Program Files\Java\jdk-17\bin;C:\Users\Admin\Downloads\apache-maven-3.9.8-bin\bin;C:\Users\Admin\Downloads\allure-commandline-2.21.0\allure-2.21.0\bin;C:\Program Files\Git\cmd;C:\apache-maven-3.9.8-bin\apache-maven-3.9.8\bin;C:\platform-tools;%ANDROID_HOME%\platform-tools;%ANDROID_HOME%\tools;%ANDROID_HOME%\tools\bin;C:\Users\Admin\AppData\Local\atom\bin;C:\Users\Admin\AppData\Local\Android\Sdk;C:\webOS_TV_CLI_win_1.12.4-j27\CLI\bin;C:\Windows\system32\config\systemprofile\AppData\Local\Microsoft\WindowsApps;."/>
    <property name="java.vm.info" value="mixed mode, sharing"/>
    <property name="java.vendor" value="Oracle Corporation"/>
    <property name="java.vm.version" value="17.0.10+11-LTS-240"/>
    <property name="sun.io.unicode.encoding" value="UnicodeLittle"/>
    <property name="java.class.version" value="61.0"/>
  </properties>
  <testcase name="OtpVerification" classname="APITestCase.Login" time="0.224"/>
  <testcase name="ResetPassword" classname="APITestCase.Login" time="0.143"/>
  <testcase name="LoginWithOtp" classname="APITestCase.Login" time="0.799"/>
  <testcase name="LoginWithPassword" classname="APITestCase.Login" time="0.365"/>
  <testcase name="Logout" classname="APITestCase.Login" time="0.145"/>
  <testcase name="UserProfile" classname="APITestCase.Login" time="0.214"/>
  <testcase name="TestResetPassword" classname="APITestCase.Login" time="0.215"/>
  <testcase name="AddUser" classname="APITestCase.ManageUser" time="0.554"/>
  <testcase name="ExportUser" classname="APITestCase.ManageUser" time="0.707"/>
  <testcase name="GetBranches" classname="APITestCase.ManageUser" time="0.135"/>
  <testcase name="GetUser" classname="APITestCase.ManageUser" time="0.623"/>
  <testcase name="GetVendorCompany" classname="APITestCase.ManageUser" time="0.197"/>
  <testcase name="ResendPassword" classname="APITestCase.ManageUser" time="0.726"/>
  <testcase name="ResetPassword" classname="APITestCase.ManageUser" time="0.249"/>
  <testcase name="RoleList" classname="APITestCase.ManageUser" time="1.2"/>
  <testcase name="UpdateUser" classname="APITestCase.ManageUser" time="0.301"/>
  <testcase name="UpdateUserStatus" classname="APITestCase.ManageUser" time="0.165"/>
  <testcase name="UploadUserProfileImage" classname="APITestCase.ManageUser" time="0.312"/>
  <testcase name="UsersCount" classname="APITestCase.ManageUser" time="0.619"/>
  <testcase name="AddLead" classname="APITestCase.ManageLead" time="0.492">
    <failure message="Cannot invoke &quot;java.lang.Integer.intValue()&quot; because the return value of &quot;io.restassured.path.json.JsonPath.get(String)&quot; is null" type="java.lang.NullPointerException">java.lang.NullPointerException: Cannot invoke "java.lang.Integer.intValue()" because the return value of "io.restassured.path.json.JsonPath.get(String)" is null
	at APITestCase.ManageLead.AddLead(ManageLead.java:101)
</failure>
    <system-out><![CDATA[Response of Login with Password : {"status":200,"message":"Login successfully","data":{"token":"eyJhbGciOiJIUzI1NiIsInR5cCI6IkpXVCJ9.eyJ1c2VySWQiOjEsImZpcnN0TmFtZSI6IkV2ZXJldHRlIiwibGFzdE5hbWUiOiJIZWlkZW5yZWljaCIsImVtYWlsIjoiZGFuYS5zaXBlc0B5YWhvby5jb20iLCJwaG9uZU51bWJlciI6OTk5OTk5OTk5OSwicm9sZU5hbWUiOiJTeXN0ZW0gQWRtaW4iLCJyb2xlSWQiOjcsImlzVmVyaWZpZWQiOnRydWUsInVzZXJTdGF0dXMiOiJhY3RpdmUiLCJpYXQiOjE3Mjc5MzY0NzcuODE0LCJleHAiOjE3MjgwMjI4Nzd9.5YDqE0K27NK_R9IYt4WP-kA3vskjWuvaa_rBrUQoNRc","refreshToken":"eyJhbGciOiJIUzI1NiIsInR5cCI6IkpXVCJ9.eyJ1c2VySWQiOjEsImZpcnN0TmFtZSI6IkV2ZXJldHRlIiwibGFzdE5hbWUiOiJIZWlkZW5yZWljaCIsImVtYWlsIjoiZGFuYS5zaXBlc0B5YWhvby5jb20iLCJwaG9uZU51bWJlciI6OTk5OTk5OTk5OSwicm9sZU5hbWUiOiJTeXN0ZW0gQWRtaW4iLCJyb2xlSWQiOjcsImlzVmVyaWZpZWQiOnRydWUsInVzZXJTdGF0dXMiOiJhY3RpdmUiLCJpYXQiOjE3Mjc5MzY0NzcuODE2LCJleHAiOjE3MjgxOTU2Nzd9.9Nw_atW4dRNmbJzo_No5S0GcIjQWnzs2w-LPZZStgfA"}}
Response body of add lead : {"status":403,"message":"Pincode must be 6 digit"}
]]></system-out>
  </testcase>
  <testcase name="AddLeadActivity" classname="APITestCase.ManageLead" time="1.27"/>
  <testcase name="AddTaskForLead" classname="APITestCase.ManageLead" time="0.175"/>
  <testcase name="CheckLeadNumbers" classname="APITestCase.ManageLead" time="0.18"/>
  <testcase name="DeleteAttachment" classname="APITestCase.ManageLead" time="0.135"/>
  <testcase name="ExportLeads" classname="APITestCase.ManageLead" time="2.601"/>
  <testcase name="GetCity" classname="APITestCase.ManageLead" time="0.109"/>
  <testcase name="GetLeadActivity" classname="APITestCase.ManageLead" time="0.111"/>
  <testcase name="GetLeadDetails" classname="APITestCase.ManageLead" time="0.141"/>
  <testcase name="GetLeadHistory" classname="APITestCase.ManageLead" time="0.159"/>
  <testcase name="GetLeadOwner" classname="APITestCase.ManageLead" time="0.178"/>
  <testcase name="GetLeadStage" classname="APITestCase.ManageLead" time="0.124"/>
  <testcase name="GetLeadTask" classname="APITestCase.ManageLead" time="0.178"/>
  <testcase name="GetRequirement" classname="APITestCase.ManageLead" time="0.114"/>
  <testcase name="GetStates" classname="APITestCase.ManageLead" time="0.114"/>
  <testcase name="GetTaskByLeadId" classname="APITestCase.ManageLead" time="0.13"/>
  <testcase name="MarkLeadAsStar" classname="APITestCase.ManageLead" time="0.224"/>
  <testcase name="MarkTaskAsCompleted" classname="APITestCase.ManageLead" time="0.133"/>
  <testcase name="RescheduleTask" classname="APITestCase.ManageLead" time="0.336"/>
  <testcase name="UpdateLead" classname="APITestCase.ManageLead" time="1.309"/>
  <testcase name="UploadLeadAttachment" classname="APITestCase.ManageLead" time="0.345"/>
  <testcase name="addUserAndVerifyInGetAllLeads" classname="APITestCase.ManageLead" time="2.705"/>
  <testcase name="GetLeads" classname="APITestCase.ManageLead" time="0">
    <skipped message="Method APITestCase.ManageLead.GetLeads() on instance APITestCase.ManageLead@1af2d44a depends on not successfully finished methods &#10;[APITestCase.ManageLead.AddLead() on instance APITestCase.ManageLead@1af2d44a]"/>
  </testcase>
  <testcase name="UpdateLeadStage" classname="APITestCase.ManageLead" time="0">
    <skipped message="Method APITestCase.ManageLead.UpdateLeadStage() on instance APITestCase.ManageLead@1af2d44a depends on not successfully finished methods &#10;[APITestCase.ManageLead.AddLead() on instance APITestCase.ManageLead@1af2d44a]"/>
  </testcase>
  <testcase name="AddInventory" classname="APITestCase.ManageInventory" time="0.215"/>
  <testcase name="DeleteImage" classname="APITestCase.ManageInventory" time="0.129"/>
  <testcase name="GetProductDetails" classname="APITestCase.ManageInventory" time="0.122"/>
  <testcase name="UpdateProduct" classname="APITestCase.ManageInventory" time="0.128"/>
  <testcase name="AddProductImage" classname="APITestCase.ManageInventory" time="0.476"/>
  <testcase name="GetInventory" classname="APITestCase.ManageInventory" time="0.224"/>
  <testcase name="AddLead" classname="APITestCase.ManageQuotation" time="0.173"/>
  <testcase name="AddQuotation" classname="APITestCase.ManageQuotation" time="0.223"/>
  <testcase name="AddShippingAddress" classname="APITestCase.ManageQuotation" time="0.179"/>
  <testcase name="ConvertToOrder" classname="APITestCase.ManageQuotation" time="0.704"/>
  <testcase name="DeleteQuotation" classname="APITestCase.ManageQuotation" time="0.141"/>
  <testcase name="DownloadQuotation" classname="APITestCase.ManageQuotation" time="3.166"/>
  <testcase name="ExportQuotation" classname="APITestCase.ManageQuotation" time="0.265"/>
  <testcase name="GetQuotation" classname="APITestCase.ManageQuotation" time="0.168"/>
  <testcase name="QuotationDetail" classname="APITestCase.ManageQuotation" time="0.141"/>
  <testcase name="UpdateBillingAddress" classname="APITestCase.ManageQuotation" time="0.197"/>
  <testcase name="UpdateQuotation" classname="APITestCase.ManageQuotation" time="0.186"/>
  <testcase name="UpdateShippingAddress" classname="APITestCase.ManageQuotation" time="0.172"/>
  <testcase name="AddBillingAddress" classname="APITestCase.ManageQuotation" time="0.108"/>
  <testcase name="RecheckStock" classname="APITestCase.ManageQuotation" time="2.768"/>
  <testcase name="testChangePassword" classname="APITestCase.ManageProfile" time="0.193"/>
  <testcase name="testGetUserProfile" classname="APITestCase.ManageProfile" time="0.159"/>
  <testcase name="testRemoveProfileImage" classname="APITestCase.ManageProfile" time="0.147"/>
  <testcase name="testUploadProfileImage" classname="APITestCase.ManageProfile" time="0.243"/>
  <testcase name="testUpdateUserProfile" classname="APITestCase.ManageProfile" time="0.183"/>
  <testcase name="RoleList" classname="APITestCase.RolesAndPermissions" time="0.172"/>
  <testcase name="createRole" classname="APITestCase.RolesAndPermissions" time="0.169"/>
  <testcase name="deleteRole" classname="APITestCase.RolesAndPermissions" time="0.125"/>
  <testcase name="editRole" classname="APITestCase.RolesAndPermissions" time="0.178"/>
  <testcase name="getRoles" classname="APITestCase.RolesAndPermissions" time="0.13"/>
  <testcase name="editRoleName" classname="APITestCase.RolesAndPermissions" time="0.161"/>
  <testcase name="getRoleDetail" classname="APITestCase.RolesAndPermissions" time="0.146"/>
  <testcase name="ExportLeadConversionReport" classname="APITestCase.Dashboard" time="0.258"/>
  <testcase name="ExportLeadGenerationSources" classname="APITestCase.Dashboard" time="0.274"/>
  <testcase name="ExportLeadOverDueTask" classname="APITestCase.Dashboard" time="0.24"/>
  <testcase name="ExportNotYetConvertedQuotation" classname="APITestCase.Dashboard" time="0.238"/>
  <testcase name="ExportQuotationAnalytics" classname="APITestCase.Dashboard" time="0.256"/>
  <testcase name="ExportSalesExecutiveQuotationAnalytics" classname="APITestCase.Dashboard" time="0.248"/>
  <testcase name="ExportVendorPoorResponse" classname="APITestCase.Dashboard" time="0.265"/>
  <testcase name="ExportVendorQuickResponse" classname="APITestCase.Dashboard" time="0.251"/>
  <testcase name="ExportVendorStrikeRate" classname="APITestCase.Dashboard" time="0.354"/>
  <testcase name="GetDashboardData" classname="APITestCase.Dashboard" time="0.142"/>
  <testcase name="GetLeadAnalaytics" classname="APITestCase.Dashboard" time="0.14"/>
  <testcase name="GetOverDueTask" classname="APITestCase.Dashboard" time="0.127"/>
  <testcase name="GetQuotationAnalytics" classname="APITestCase.Dashboard" time="0.128"/>
  <testcase name="LeadConversionReport" classname="APITestCase.Dashboard" time="0.136"/>
  <testcase name="StockCheckAnalytics" classname="APITestCase.Dashboard" time="0.169"/>
  <testcase name="ExportInquiry" classname="APITestCase.ManageInquiry" time="0.276"/>
  <testcase name="GetVendorInquiry" classname="APITestCase.ManageInquiry" time="0.134"/>
  <testcase name="UpdateInquiryStatus" classname="APITestCase.ManageInquiry" time="0.251"/>
  <testcase name="ForgotPassword" classname="MSNagile.Login" time="4.925"/>
  <testcase name="Login" classname="MSNagile.Login" time="0.585"/>
  <testcase name="Logout" classname="MSNagile.Login" time="0.179"/>
  <testcase name="Registration" classname="MSNagile.Login" time="8.567"/>
  <testcase name="ResetPassword" classname="MSNagile.Login" time="0.141"/>
  <testcase name="EmailVerification" classname="MSNagile.Login" time="0.149"/>
  <testcase name="GetProfile" classname="MSNagile.Login" time="0.261"/>
  <testcase name="RefreshToken" classname="MSNagile.Login" time="0.165"/>
  <testcase name="Login" classname="MSNagile.ManageOrganization" time="0.29"/>
  <testcase name="GetOrgDetail" classname="MSNagile.ManageOrganization" time="0.233"/>
  <testcase name="GetTaxIdTypes" classname="MSNagile.ManageOrganization" time="0.16"/>
  <testcase name="UpdateOrg" classname="MSNagile.ManageOrganization" time="0.309"/>
  <testcase name="Login" classname="MSNagile.ManageSubscription" time="0.322"/>
  <testcase name="GetActivePlan" classname="MSNagile.ManageSubscription" time="0.202"/>
  <testcase name="GetConsumedStorage" classname="MSNagile.ManageSubscription" time="0.321"/>
  <testcase name="GetPaymentHistory" classname="MSNagile.ManageSubscription" time="0.773"/>
  <testcase name="SubscribePlan" classname="MSNagile.ManageSubscription" time="0.466"/>
  <testcase name="Login" classname="MSNagile.ManageUsersAndGroups" time="0.372"/>
  <testcase name="AssignGroupToUser" classname="MSNagile.ManageUsersAndGroups" time="0.133"/>
  <testcase name="CreateGroup" classname="MSNagile.ManageUsersAndGroups" time="0.446"/>
  <testcase name="DeleteGroup" classname="MSNagile.ManageUsersAndGroups" time="0.225"/>
  <testcase name="GetAllGroups" classname="MSNagile.ManageUsersAndGroups" time="0.249"/>
  <testcase name="GetAllRoles" classname="MSNagile.ManageUsersAndGroups" time="0.164"/>
  <testcase name="GetAllUsers" classname="MSNagile.ManageUsersAndGroups" time="0.195"/>
  <testcase name="GetAllUsersAndDeactivateIfActive" classname="MSNagile.ManageUsersAndGroups" time="0.253"/>
  <testcase name="InviteUser" classname="MSNagile.ManageUsersAndGroups" time="1.427"/>
  <testcase name="UpdateGroup" classname="MSNagile.ManageUsersAndGroups" time="0.128"/>
  <testcase name="Login" classname="MSNagile.SetupConfiguration" time="0.326"/>
  <testcase name="CreateFields" classname="MSNagile.SetupConfiguration" time="0.174"/>
  <testcase name="CreateIssueType" classname="MSNagile.SetupConfiguration" time="0.146"/>
  <testcase name="CreateStatus" classname="MSNagile.SetupConfiguration" time="0.154"/>
  <testcase name="DeleteCustomIssueType" classname="MSNagile.SetupConfiguration" time="0.191">
    <failure message="1 expectation failed.&#10;JSON path message doesn&apos;t match.&#10;Expected: Successfully&#10;  Actual: Incorrect IssueType id&#10;" type="java.lang.AssertionError">java.lang.AssertionError: 
1 expectation failed.
JSON path message doesn't match.
Expected: Successfully
  Actual: Incorrect IssueType id

	at MSNagile.SetupConfiguration.DeleteCustomIssueType(SetupConfiguration.java:185)
</failure>
  </testcase>
  <testcase name="DeleteStatus" classname="MSNagile.SetupConfiguration" time="0.205"/>
  <testcase name="GetAllStatus" classname="MSNagile.SetupConfiguration" time="0.126"/>
  <testcase name="GetOrgFields" classname="MSNagile.SetupConfiguration" time="0.146"/>
  <testcase name="GetOrgTags" classname="MSNagile.SetupConfiguration" time="0.211"/>
  <testcase name="GetSystemIssueType" classname="MSNagile.SetupConfiguration" time="0.146"/>
  <testcase name="GetSystemWorkflows" classname="MSNagile.SetupConfiguration" time="0.335"/>
</testsuite>