<?xml version="1.0" encoding="UTF-8"?>
<!-- Generated by org.testng.reporters.JUnitReportReporter -->
<testsuite hostname="KTLPT1386" failures="0" tests="7" name="APITestCase.RolesAndPermissions" time="1.158" errors="0" timestamp="2024-09-04T12:53:45 IST" skipped="0">
  <testcase classname="APITestCase.RolesAndPermissions" name="createRole" time="0.191"/>
  <system-out/>
  <testcase classname="APITestCase.RolesAndPermissions" name="editRoleName" time="0.161"/>
  <system-out/>
  <testcase classname="APITestCase.RolesAndPermissions" name="RoleList" time="0.199"/>
  <system-out/>
  <testcase classname="APITestCase.RolesAndPermissions" name="getRoles" time="0.115"/>
  <system-out/>
  <testcase classname="APITestCase.RolesAndPermissions" name="getRoleDetail" time="0.160"/>
  <system-out/>
  <testcase classname="APITestCase.RolesAndPermissions" name="deleteRole" time="0.142"/>
  <system-out/>
  <testcase classname="APITestCase.RolesAndPermissions" name="editRole" time="0.190"/>
  <system-out/>
</testsuite> <!-- APITestCase.RolesAndPermissions -->
