<?xml version="1.0" encoding="UTF-8"?>
<!-- Generated by org.testng.reporters.JUnitReportReporter -->
<testsuite hostname="KTLPT1386" failures="0" tests="7" name="com.tests.Login" time="6.009" errors="0" timestamp="2024-06-18T10:07:55 IST" skipped="0">
  <testcase classname="com.tests.Login" name="Logout" time="0.190"/>
  <system-out/>
  <testcase classname="com.tests.Login" name="CheckResetPassword" time="0.205"/>
  <system-out/>
  <testcase classname="com.tests.Login" name="Login" time="4.274"/>
  <system-out/>
  <testcase classname="com.tests.Login" name="LoginWithOtp" time="0.566"/>
  <system-out/>
  <testcase classname="com.tests.Login" name="OtpVerification" time="0.276"/>
  <system-out/>
  <testcase classname="com.tests.Login" name="ResetPassword" time="0.265"/>
  <system-out/>
  <testcase classname="com.tests.Login" name="UserProfile" time="0.233"/>
  <system-out/>
</testsuite> <!-- com.tests.Login -->
