<?xml version="1.0" encoding="UTF-8"?>
<!-- Generated by org.testng.reporters.JUnitReportReporter -->
<testsuite hostname="KTLPT1386" failures="0" tests="3" name="APITestCase.ManageInquiry" time="0.691" errors="0" timestamp="2024-09-04T12:53:45 IST" skipped="0">
  <testcase classname="APITestCase.ManageInquiry" name="ExportInquiry" time="0.298"/>
  <system-out/>
  <testcase classname="APITestCase.ManageInquiry" name="GetVendorInquiry" time="0.165"/>
  <system-out/>
  <testcase classname="APITestCase.ManageInquiry" name="UpdateInquiryStatus" time="0.228"/>
  <system-out/>
</testsuite> <!-- APITestCase.ManageInquiry -->
