<?xml version="1.0" encoding="UTF-8"?>
<!-- Generated by org.testng.reporters.JUnitReportReporter -->
<testsuite hostname="KTLPT1386" failures="0" tests="12" name="APITestCase.ManageUser" time="6.164" errors="0" timestamp="2024-09-04T12:53:45 IST" skipped="0">
  <testcase classname="APITestCase.ManageUser" name="ResetPassword" time="0.154"/>
  <system-out/>
  <testcase classname="APITestCase.ManageUser" name="ExportUser" time="0.961"/>
  <system-out/>
  <testcase classname="APITestCase.ManageUser" name="UpdateUserStatus" time="0.180"/>
  <system-out/>
  <testcase classname="APITestCase.ManageUser" name="ResendPassword" time="1.807"/>
  <system-out/>
  <testcase classname="APITestCase.ManageUser" name="GetBranches" time="0.185"/>
  <system-out/>
  <testcase classname="APITestCase.ManageUser" name="GetUser" time="0.736"/>
  <system-out/>
  <testcase classname="APITestCase.ManageUser" name="GetVendorCompany" time="0.209"/>
  <system-out/>
  <testcase classname="APITestCase.ManageUser" name="AddUser" time="0.656"/>
  <system-out/>
  <testcase classname="APITestCase.ManageUser" name="UsersCount" time="0.529"/>
  <system-out/>
  <testcase classname="APITestCase.ManageUser" name="UploadUserProfileImage" time="0.315"/>
  <system-out/>
  <testcase classname="APITestCase.ManageUser" name="UpdateUser" time="0.184"/>
  <system-out/>
  <testcase classname="APITestCase.ManageUser" name="RoleList" time="0.248"/>
  <system-out/>
</testsuite> <!-- APITestCase.ManageUser -->
