<?xml version="1.0" encoding="UTF-8"?>
<!-- Generated by org.testng.reporters.JUnitReportReporter -->
<testsuite hostname="KTLPT1386" failures="0" tests="2" name="APITestCase.Nee" time="3.109" errors="0" timestamp="2024-06-27T12:18:13 IST" skipped="0">
  <testcase classname="APITestCase.Nee" name="addaddress" time="0.870"/>
  <system-out/>
  <testcase classname="APITestCase.Nee" name="Login" time="2.239"/>
  <system-out/>
</testsuite> <!-- APITestCase.Nee -->
