<?xml version="1.0" encoding="UTF-8"?>
<!-- Generated by org.testng.reporters.JUnitReportReporter -->
<testsuite hostname="KTLPT1386" failures="0" tests="15" name="APITestCase.Dashboard" time="3.498" errors="0" timestamp="2024-09-04T12:53:45 IST" skipped="0">
  <testcase classname="APITestCase.Dashboard" name="ExportLeadGenerationSources" time="0.271"/>
  <system-out/>
  <testcase classname="APITestCase.Dashboard" name="GetQuotationAnalytics" time="0.158"/>
  <system-out/>
  <testcase classname="APITestCase.Dashboard" name="ExportQuotationAnalytics" time="0.401"/>
  <system-out/>
  <testcase classname="APITestCase.Dashboard" name="ExportSalesExecutiveQuotationAnalytics" time="0.257"/>
  <system-out/>
  <testcase classname="APITestCase.Dashboard" name="ExportLeadOverDueTask" time="0.270"/>
  <system-out/>
  <testcase classname="APITestCase.Dashboard" name="ExportLeadConversionReport" time="0.272"/>
  <system-out/>
  <testcase classname="APITestCase.Dashboard" name="GetDashboardData" time="0.157"/>
  <system-out/>
  <testcase classname="APITestCase.Dashboard" name="StockCheckAnalytics" time="0.163"/>
  <system-out/>
  <testcase classname="APITestCase.Dashboard" name="GetLeadAnalaytics" time="0.140"/>
  <system-out/>
  <testcase classname="APITestCase.Dashboard" name="ExportNotYetConvertedQuotation" time="0.279"/>
  <system-out/>
  <testcase classname="APITestCase.Dashboard" name="ExportVendorStrikeRate" time="0.281"/>
  <system-out/>
  <testcase classname="APITestCase.Dashboard" name="ExportVendorPoorResponse" time="0.284"/>
  <system-out/>
  <testcase classname="APITestCase.Dashboard" name="ExportVendorQuickResponse" time="0.266"/>
  <system-out/>
  <testcase classname="APITestCase.Dashboard" name="GetOverDueTask" time="0.145"/>
  <system-out/>
  <testcase classname="APITestCase.Dashboard" name="LeadConversionReport" time="0.154"/>
  <system-out/>
</testsuite> <!-- APITestCase.Dashboard -->
