<?xml version="1.0" encoding="UTF-8"?>
<!-- Generated by org.testng.reporters.JUnitReportReporter -->
<testsuite hostname="KTLPT1386" failures="0" tests="6" name="APITestCase.ManageInventory" time="1.507" errors="0" timestamp="2024-09-04T12:53:45 IST" skipped="0">
  <testcase classname="APITestCase.ManageInventory" name="UpdateProduct" time="0.140"/>
  <system-out/>
  <testcase classname="APITestCase.ManageInventory" name="GetProductDetails" time="0.158"/>
  <system-out/>
  <testcase classname="APITestCase.ManageInventory" name="GetInventory" time="0.220"/>
  <system-out/>
  <testcase classname="APITestCase.ManageInventory" name="AddProductImage" time="0.513"/>
  <system-out/>
  <testcase classname="APITestCase.ManageInventory" name="AddInventory" time="0.328"/>
  <system-out/>
  <testcase classname="APITestCase.ManageInventory" name="DeleteImage" time="0.148"/>
  <system-out/>
</testsuite> <!-- APITestCase.ManageInventory -->
