<?xml version="1.0" encoding="UTF-8"?>
<!-- Generated by org.testng.reporters.JUnitReportReporter -->
<testsuite hostname="KTLPT1386" failures="0" tests="1" name="HrmsAPI.HrmsLogin" time="2.899" errors="0" timestamp="2024-08-23T16:23:15 IST" skipped="0">
  <testcase classname="HrmsAPI.HrmsLogin" name="Login" time="2.899"/>
  <system-out/>
</testsuite> <!-- HrmsAPI.HrmsLogin -->
