<?xml version="1.0" encoding="UTF-8"?>
<!-- Generated by org.testng.reporters.JUnitReportReporter -->
<testsuite hostname="KTLPT1386" failures="0" tests="10" name="MSNagile.ManageUsersAndGroups" time="1.953" errors="0" timestamp="2024-09-04T12:53:45 IST" skipped="0">
  <testcase classname="MSNagile.ManageUsersAndGroups" name="DeleteGroup" time="0.138"/>
  <system-out/>
  <testcase classname="MSNagile.ManageUsersAndGroups" name="GetAllUsersAndDeactivateIfActive" time="0.131"/>
  <system-out/>
  <testcase classname="MSNagile.ManageUsersAndGroups" name="AssignGroupToUser" time="0.142"/>
  <system-out/>
  <testcase classname="MSNagile.ManageUsersAndGroups" name="Login" time="0.241"/>
  <system-out/>
  <testcase classname="MSNagile.ManageUsersAndGroups" name="UpdateGroup" time="0.124"/>
  <system-out/>
  <testcase classname="MSNagile.ManageUsersAndGroups" name="GetAllGroups" time="0.138"/>
  <system-out/>
  <testcase classname="MSNagile.ManageUsersAndGroups" name="InviteUser" time="0.369"/>
  <system-out/>
  <testcase classname="MSNagile.ManageUsersAndGroups" name="GetAllRoles" time="0.124"/>
  <system-out/>
  <testcase classname="MSNagile.ManageUsersAndGroups" name="CreateGroup" time="0.427"/>
  <system-out/>
  <testcase classname="MSNagile.ManageUsersAndGroups" name="GetAllUsers" time="0.119"/>
  <system-out/>
</testsuite> <!-- MSNagile.ManageUsersAndGroups -->
