<?xml version="1.0" encoding="UTF-8"?>
<!-- Generated by org.testng.reporters.JUnitReportReporter -->
<testsuite hostname="KTLPT1386" failures="0" tests="8" name="MSNagile.Login" time="11.792" errors="0" timestamp="2024-09-04T12:53:45 IST" skipped="0">
  <testcase classname="MSNagile.Login" name="Registration" time="5.721"/>
  <system-out/>
  <testcase classname="MSNagile.Login" name="RefreshToken" time="0.126"/>
  <system-out/>
  <testcase classname="MSNagile.Login" name="GetProfile" time="0.196"/>
  <system-out/>
  <testcase classname="MSNagile.Login" name="Login" time="0.234"/>
  <system-out/>
  <testcase classname="MSNagile.Login" name="Logout" time="0.123"/>
  <system-out/>
  <testcase classname="MSNagile.Login" name="EmailVerification" time="0.116"/>
  <system-out/>
  <testcase classname="MSNagile.Login" name="ForgotPassword" time="5.168"/>
  <system-out/>
  <testcase classname="MSNagile.Login" name="ResetPassword" time="0.108"/>
  <system-out/>
</testsuite> <!-- MSNagile.Login -->
