<?xml version="1.0" encoding="UTF-8"?>
<!-- Generated by org.testng.reporters.JUnitReportReporter -->
<testsuite hostname="KTLPT1386" failures="0" tests="2" name="HrmsAPI.Timesheet" time="4.019" errors="0" timestamp="2024-08-27T14:06:39 IST" skipped="0">
  <testcase classname="HrmsAPI.Timesheet" name="Login" time="3.421"/>
  <system-out/>
  <testcase classname="HrmsAPI.Timesheet" name="AddTimesheet" time="0.598"/>
  <system-out/>
</testsuite> <!-- HrmsAPI.Timesheet -->
