<?xml version="1.0" encoding="UTF-8"?>
<!-- Generated by org.testng.reporters.JUnitReportReporter -->
<testsuite hostname="KTLPT1386" failures="0" tests="1" name="APITestCase.Tests" time="2.672" errors="0" timestamp="2024-06-18T17:17:15 IST" skipped="0">
  <testcase classname="APITestCase.Tests" name="Login" time="2.672"/>
  <system-out/>
</testsuite> <!-- APITestCase.Tests -->
