<?xml version="1.0" encoding="UTF-8"?>
<!-- Generated by org.testng.reporters.JUnitReportReporter -->
<testsuite hostname="KTLPT1386" failures="0" tests="4" name="MSNagile.ManageOrganization" time="0.834" errors="0" timestamp="2024-09-04T12:53:45 IST" skipped="0">
  <testcase classname="MSNagile.ManageOrganization" name="GetOrgDetail" time="0.163"/>
  <system-out/>
  <testcase classname="MSNagile.ManageOrganization" name="UpdateOrg" time="0.190"/>
  <system-out/>
  <testcase classname="MSNagile.ManageOrganization" name="GetTaxIdTypes" time="0.258"/>
  <system-out/>
  <testcase classname="MSNagile.ManageOrganization" name="Login" time="0.223"/>
  <system-out/>
</testsuite> <!-- MSNagile.ManageOrganization -->
