<?xml version="1.0" encoding="UTF-8"?>
<!-- Generated by org.testng.reporters.JUnitReportReporter -->
<testsuite hostname="KTLPT1386" failures="0" tests="5" name="MSNagile.ManageSubscription" time="2.929" errors="0" timestamp="2024-09-04T12:53:45 IST" skipped="0">
  <testcase classname="MSNagile.ManageSubscription" name="Login" time="0.415"/>
  <system-out/>
  <testcase classname="MSNagile.ManageSubscription" name="GetConsumedStorage" time="1.073"/>
  <system-out/>
  <testcase classname="MSNagile.ManageSubscription" name="SubscribePlan" time="0.380"/>
  <system-out/>
  <testcase classname="MSNagile.ManageSubscription" name="GetPaymentHistory" time="0.164"/>
  <system-out/>
  <testcase classname="MSNagile.ManageSubscription" name="GetActivePlan" time="0.897"/>
  <system-out/>
</testsuite> <!-- MSNagile.ManageSubscription -->
