<?xml version="1.0" encoding="UTF-8"?>
<!-- Generated by org.testng.reporters.JUnitReportReporter -->
<testsuite hostname="KTLPT1386" failures="0" tests="7" name="APITestCase.Login" time="2.865" errors="0" timestamp="2024-09-04T12:53:45 IST" skipped="0">
  <testcase classname="APITestCase.Login" name="Logout" time="0.193"/>
  <system-out/>
  <testcase classname="APITestCase.Login" name="LoginWithOtp" time="1.373"/>
  <system-out/>
  <testcase classname="APITestCase.Login" name="UserProfile" time="0.204"/>
  <system-out/>
  <testcase classname="APITestCase.Login" name="TestResetPassword" time="0.184"/>
  <system-out/>
  <testcase classname="APITestCase.Login" name="ResetPassword" time="0.203"/>
  <system-out/>
  <testcase classname="APITestCase.Login" name="OtpVerification" time="0.281"/>
  <system-out/>
  <testcase classname="APITestCase.Login" name="LoginWithPassword" time="0.427"/>
  <system-out/>
</testsuite> <!-- APITestCase.Login -->
