<?xml version="1.0" encoding="UTF-8"?>
<!-- Generated by org.testng.reporters.JUnitReportReporter -->
<testsuite hostname="KTLPT1386" failures="0" tests="23" name="APITestCase.ManageLead" time="10.371" errors="0" timestamp="2024-09-05T16:36:37 IST" skipped="0">
  <testcase classname="APITestCase.ManageLead" name="GetLeadOwner" time="0.206"/>
  <testcase classname="APITestCase.ManageLead" name="GetLeadDetails" time="0.170"/>
  <testcase classname="APITestCase.ManageLead" name="AddLead" time="1.599"/>
  <testcase classname="APITestCase.ManageLead" name="UpdateLeadStage" time="0.388"/>
  <testcase classname="APITestCase.ManageLead" name="GetLeadTask" time="0.186"/>
  <testcase classname="APITestCase.ManageLead" name="GetLeadActivity" time="0.124"/>
  <testcase classname="APITestCase.ManageLead" name="MarkLeadAsStar" time="0.170"/>
  <testcase classname="APITestCase.ManageLead" name="GetRequirement" time="0.130"/>
  <testcase classname="APITestCase.ManageLead" name="GetLeads" time="2.556"/>
  <testcase classname="APITestCase.ManageLead" name="UpdateLead" time="0.281"/>
  <testcase classname="APITestCase.ManageLead" name="DeleteAttachment" time="0.114"/>
  <testcase classname="APITestCase.ManageLead" name="GetCity" time="0.120"/>
  <testcase classname="APITestCase.ManageLead" name="AddTaskForLead" time="0.191"/>
  <testcase classname="APITestCase.ManageLead" name="GetLeadStage" time="0.128"/>
  <testcase classname="APITestCase.ManageLead" name="CheckLeadNumbers" time="0.130"/>
  <testcase classname="APITestCase.ManageLead" name="AddLeadActivity" time="0.149"/>
  <testcase classname="APITestCase.ManageLead" name="GetTaskByLeadId" time="0.134"/>
  <testcase classname="APITestCase.ManageLead" name="RescheduleTask" time="0.220"/>
  <testcase classname="APITestCase.ManageLead" name="GetLeadHistory" time="0.208"/>
  <testcase classname="APITestCase.ManageLead" name="GetStates" time="0.140"/>
  <testcase classname="APITestCase.ManageLead" name="ExportLeads" time="2.551"/>
  <testcase classname="APITestCase.ManageLead" name="MarkTaskAsCompleted" time="0.173"/>
  <testcase classname="APITestCase.ManageLead" name="UploadLeadAttachment" time="0.303"/>
</testsuite> <!-- APITestCase.ManageLead -->
