<?xml version="1.0" encoding="UTF-8"?>
<!-- Generated by org.testng.reporters.JUnitReportReporter -->
<testsuite hostname="KTLPT1386" failures="0" tests="7" name="APITestCase.Login" time="1.669" errors="0" timestamp="2024-09-05T16:36:37 IST" skipped="0">
  <testcase classname="APITestCase.Login" name="OtpVerification" time="0.252"/>
  <testcase classname="APITestCase.Login" name="LoginWithPassword" time="0.381"/>
  <testcase classname="APITestCase.Login" name="LoginWithOtp" time="0.440"/>
  <testcase classname="APITestCase.Login" name="Logout" time="0.133"/>
  <testcase classname="APITestCase.Login" name="ResetPassword" time="0.153"/>
  <testcase classname="APITestCase.Login" name="UserProfile" time="0.156"/>
  <testcase classname="APITestCase.Login" name="TestResetPassword" time="0.154"/>
</testsuite> <!-- APITestCase.Login -->
