<?xml version="1.0" encoding="UTF-8"?>
<!-- Generated by org.testng.reporters.JUnitReportReporter -->
<testsuite hostname="KTLPT1386" failures="0" tests="10" name="MSNagile.ManageUsersAndGroups" time="2.957" errors="0" timestamp="2024-09-05T13:46:26 IST" skipped="0">
  <testcase classname="MSNagile.ManageUsersAndGroups" name="Login" time="1.264"/>
  <testcase classname="MSNagile.ManageUsersAndGroups" name="CreateGroup" time="0.421"/>
  <testcase classname="MSNagile.ManageUsersAndGroups" name="AssignGroupToUser" time="0.128"/>
  <testcase classname="MSNagile.ManageUsersAndGroups" name="GetAllGroups" time="0.122"/>
  <testcase classname="MSNagile.ManageUsersAndGroups" name="GetAllUsersAndDeactivateIfActive" time="0.150"/>
  <testcase classname="MSNagile.ManageUsersAndGroups" name="InviteUser" time="0.369"/>
  <testcase classname="MSNagile.ManageUsersAndGroups" name="DeleteGroup" time="0.113"/>
  <testcase classname="MSNagile.ManageUsersAndGroups" name="GetAllRoles" time="0.131"/>
  <testcase classname="MSNagile.ManageUsersAndGroups" name="GetAllUsers" time="0.132"/>
  <testcase classname="MSNagile.ManageUsersAndGroups" name="UpdateGroup" time="0.127"/>
</testsuite> <!-- MSNagile.ManageUsersAndGroups -->
