<?xml version="1.0" encoding="UTF-8"?>
<!-- Generated by org.testng.reporters.JUnitReportReporter -->
<testsuite hostname="KTLPT1386" failures="0" tests="5" name="MSNagile.ManageSubscription" time="1.048" errors="0" timestamp="2024-09-05T15:54:02 IST" skipped="0">
  <testcase classname="MSNagile.ManageSubscription" name="Login" time="0.229"/>
  <testcase classname="MSNagile.ManageSubscription" name="SubscribePlan" time="0.371"/>
  <testcase classname="MSNagile.ManageSubscription" name="GetPaymentHistory" time="0.112"/>
  <testcase classname="MSNagile.ManageSubscription" name="GetActivePlan" time="0.139"/>
  <testcase classname="MSNagile.ManageSubscription" name="GetConsumedStorage" time="0.197"/>
</testsuite> <!-- MSNagile.ManageSubscription -->
