<?xml version="1.0" encoding="UTF-8"?>
<!-- Generated by org.testng.reporters.JUnitReportReporter -->
<testsuite hostname="KTLPT1386" failures="0" tests="10" name="MSNagile.ManageUsersAndGroups" time="3.592" errors="0" timestamp="2024-10-03T11:52:21 IST" skipped="0">
  <testcase classname="MSNagile.ManageUsersAndGroups" name="AssignGroupToUser" time="0.132"/>
  <testcase classname="MSNagile.ManageUsersAndGroups" name="InviteUser" time="1.427"/>
  <testcase classname="MSNagile.ManageUsersAndGroups" name="Login" time="0.372"/>
  <testcase classname="MSNagile.ManageUsersAndGroups" name="GetAllUsers" time="0.194"/>
  <testcase classname="MSNagile.ManageUsersAndGroups" name="CreateGroup" time="0.446"/>
  <testcase classname="MSNagile.ManageUsersAndGroups" name="GetAllUsersAndDeactivateIfActive" time="0.254"/>
  <testcase classname="MSNagile.ManageUsersAndGroups" name="DeleteGroup" time="0.225"/>
  <testcase classname="MSNagile.ManageUsersAndGroups" name="UpdateGroup" time="0.128"/>
  <testcase classname="MSNagile.ManageUsersAndGroups" name="GetAllRoles" time="0.164"/>
  <testcase classname="MSNagile.ManageUsersAndGroups" name="GetAllGroups" time="0.250"/>
</testsuite> <!-- MSNagile.ManageUsersAndGroups -->
