<?xml version="1.0" encoding="UTF-8"?>
<!-- Generated by org.testng.reporters.JUnitReportReporter -->
<testsuite hostname="KTLPT1386" failures="0" tests="3" name="APITestCase.ManageInquiry" time="0.640" errors="0" timestamp="2024-09-05T15:54:02 IST" skipped="0">
  <testcase classname="APITestCase.ManageInquiry" name="ExportInquiry" time="0.269"/>
  <testcase classname="APITestCase.ManageInquiry" name="GetVendorInquiry" time="0.163"/>
  <testcase classname="APITestCase.ManageInquiry" name="UpdateInquiryStatus" time="0.208"/>
</testsuite> <!-- APITestCase.ManageInquiry -->
