<?xml version="1.0" encoding="UTF-8"?>
<!-- Generated by org.testng.reporters.JUnitReportReporter -->
<testsuite hostname="KTLPT1386" failures="0" tests="8" name="MSNagile.Login" time="10.708" errors="0" timestamp="2024-09-05T16:36:37 IST" skipped="0">
  <testcase classname="MSNagile.Login" name="RefreshToken" time="0.161"/>
  <testcase classname="MSNagile.Login" name="EmailVerification" time="0.128"/>
  <testcase classname="MSNagile.Login" name="ForgotPassword" time="4.641"/>
  <testcase classname="MSNagile.Login" name="Registration" time="4.944"/>
  <testcase classname="MSNagile.Login" name="GetProfile" time="0.206"/>
  <testcase classname="MSNagile.Login" name="Logout" time="0.129"/>
  <testcase classname="MSNagile.Login" name="ResetPassword" time="0.282"/>
  <testcase classname="MSNagile.Login" name="Login" time="0.217"/>
</testsuite> <!-- MSNagile.Login -->
