<?xml version="1.0" encoding="UTF-8"?>
<!-- Generated by org.testng.reporters.JUnitReportReporter -->
<testsuite hostname="KTLPT1386" failures="0" tests="7" name="APITestCase.RolesAndPermissions" time="1.082" errors="0" timestamp="2024-10-03T11:52:21 IST" skipped="0">
  <testcase classname="APITestCase.RolesAndPermissions" name="deleteRole" time="0.125"/>
  <testcase classname="APITestCase.RolesAndPermissions" name="editRole" time="0.178"/>
  <testcase classname="APITestCase.RolesAndPermissions" name="editRoleName" time="0.161"/>
  <testcase classname="APITestCase.RolesAndPermissions" name="RoleList" time="0.173"/>
  <testcase classname="APITestCase.RolesAndPermissions" name="createRole" time="0.169"/>
  <testcase classname="APITestCase.RolesAndPermissions" name="getRoles" time="0.131"/>
  <testcase classname="APITestCase.RolesAndPermissions" name="getRoleDetail" time="0.145"/>
</testsuite> <!-- APITestCase.RolesAndPermissions -->
