<?xml version="1.0" encoding="UTF-8"?>
<!-- Generated by org.testng.reporters.JUnitReportReporter -->
<testsuite hostname="KTLPT1386" failures="0" tests="6" name="APITestCase.ManageInventory" time="1.294" errors="0" timestamp="2024-10-03T11:52:21 IST" skipped="0">
  <testcase classname="APITestCase.ManageInventory" name="GetInventory" time="0.224"/>
  <testcase classname="APITestCase.ManageInventory" name="AddProductImage" time="0.476"/>
  <testcase classname="APITestCase.ManageInventory" name="DeleteImage" time="0.130"/>
  <testcase classname="APITestCase.ManageInventory" name="UpdateProduct" time="0.128"/>
  <testcase classname="APITestCase.ManageInventory" name="GetProductDetails" time="0.121"/>
  <testcase classname="APITestCase.ManageInventory" name="AddInventory" time="0.215"/>
</testsuite> <!-- APITestCase.ManageInventory -->
