<?xml version="1.0" encoding="UTF-8"?>
<!-- Generated by org.testng.reporters.JUnitReportReporter -->
<testsuite hostname="KTLPT1386" failures="0" tests="7" name="APITestCase.Login" time="2.106" errors="0" timestamp="2024-10-03T11:52:21 IST" skipped="0">
  <testcase classname="APITestCase.Login" name="OtpVerification" time="0.221"/>
  <testcase classname="APITestCase.Login" name="LoginWithPassword" time="0.365"/>
  <testcase classname="APITestCase.Login" name="LoginWithOtp" time="0.799"/>
  <testcase classname="APITestCase.Login" name="Logout" time="0.146"/>
  <testcase classname="APITestCase.Login" name="ResetPassword" time="0.145"/>
  <testcase classname="APITestCase.Login" name="TestResetPassword" time="0.216"/>
  <testcase classname="APITestCase.Login" name="UserProfile" time="0.214"/>
</testsuite> <!-- APITestCase.Login -->
