<?xml version="1.0" encoding="UTF-8"?>
<!-- Generated by org.testng.reporters.JUnitReportReporter -->
<testsuite hostname="KTLPT1386" failures="0" tests="8" name="MSNagile.Login" time="10.925" errors="0" timestamp="2024-09-05T15:54:02 IST" skipped="0">
  <testcase classname="MSNagile.Login" name="Login" time="0.202"/>
  <testcase classname="MSNagile.Login" name="GetProfile" time="0.180"/>
  <testcase classname="MSNagile.Login" name="Registration" time="5.184"/>
  <testcase classname="MSNagile.Login" name="ResetPassword" time="0.111"/>
  <testcase classname="MSNagile.Login" name="RefreshToken" time="0.115"/>
  <testcase classname="MSNagile.Login" name="Logout" time="0.109"/>
  <testcase classname="MSNagile.Login" name="EmailVerification" time="0.139"/>
  <testcase classname="MSNagile.Login" name="ForgotPassword" time="4.885"/>
</testsuite> <!-- MSNagile.Login -->
