<?xml version="1.0" encoding="UTF-8"?>
<!-- Generated by org.testng.reporters.JUnitReportReporter -->
<testsuite hostname="KTLPT1386" failures="0" tests="12" name="APITestCase.ManageUser" time="5.787" errors="0" timestamp="2024-10-03T11:52:21 IST" skipped="0">
  <testcase classname="APITestCase.ManageUser" name="GetUser" time="0.623"/>
  <testcase classname="APITestCase.ManageUser" name="UploadUserProfileImage" time="0.312"/>
  <testcase classname="APITestCase.ManageUser" name="ResendPassword" time="0.725"/>
  <testcase classname="APITestCase.ManageUser" name="UpdateUserStatus" time="0.164"/>
  <testcase classname="APITestCase.ManageUser" name="RoleList" time="1.200"/>
  <testcase classname="APITestCase.ManageUser" name="AddUser" time="0.553"/>
  <testcase classname="APITestCase.ManageUser" name="GetVendorCompany" time="0.196"/>
  <testcase classname="APITestCase.ManageUser" name="GetBranches" time="0.135"/>
  <testcase classname="APITestCase.ManageUser" name="ExportUser" time="0.708"/>
  <testcase classname="APITestCase.ManageUser" name="UpdateUser" time="0.302"/>
  <testcase classname="APITestCase.ManageUser" name="ResetPassword" time="0.250"/>
  <testcase classname="APITestCase.ManageUser" name="UsersCount" time="0.619"/>
</testsuite> <!-- APITestCase.ManageUser -->
