<?xml version="1.0" encoding="UTF-8"?>
<!-- Generated by org.testng.reporters.JUnitReportReporter -->
<testsuite hostname="KTLPT1386" failures="0" tests="5" name="APITestCase.ManageProfile" time="1.231" errors="0" timestamp="2024-09-05T13:46:26 IST" skipped="0">
  <testcase classname="APITestCase.ManageProfile" name="testUpdateUserProfile" time="0.330"/>
  <testcase classname="APITestCase.ManageProfile" name="testChangePassword" time="0.218"/>
  <testcase classname="APITestCase.ManageProfile" name="testRemoveProfileImage" time="0.209"/>
  <testcase classname="APITestCase.ManageProfile" name="testUploadProfileImage" time="0.285"/>
  <testcase classname="APITestCase.ManageProfile" name="testGetUserProfile" time="0.189"/>
</testsuite> <!-- APITestCase.ManageProfile -->
