<?xml version="1.0" encoding="UTF-8"?>
<!-- Generated by org.testng.reporters.JUnitReportReporter -->
<testsuite hostname="KTLPT1386" failures="0" tests="6" name="APITestCase.ManageInventory" time="3.147" errors="0" timestamp="2024-09-05T13:46:26 IST" skipped="0">
  <testcase classname="APITestCase.ManageInventory" name="DeleteImage" time="1.449"/>
  <testcase classname="APITestCase.ManageInventory" name="GetInventory" time="0.287"/>
  <testcase classname="APITestCase.ManageInventory" name="AddInventory" time="0.278"/>
  <testcase classname="APITestCase.ManageInventory" name="AddProductImage" time="0.711"/>
  <testcase classname="APITestCase.ManageInventory" name="GetProductDetails" time="0.231"/>
  <testcase classname="APITestCase.ManageInventory" name="UpdateProduct" time="0.191"/>
</testsuite> <!-- APITestCase.ManageInventory -->
