<?xml version="1.0" encoding="UTF-8"?>
<!-- Generated by org.testng.reporters.JUnitReportReporter -->
<testsuite hostname="KTLPT1386" failures="0" tests="8" name="MSNagile.Login" time="13.275" errors="0" timestamp="2024-09-05T13:46:26 IST" skipped="0">
  <testcase classname="MSNagile.Login" name="ForgotPassword" time="5.069"/>
  <testcase classname="MSNagile.Login" name="EmailVerification" time="0.132"/>
  <testcase classname="MSNagile.Login" name="Login" time="1.466"/>
  <testcase classname="MSNagile.Login" name="RefreshToken" time="0.182"/>
  <testcase classname="MSNagile.Login" name="GetProfile" time="0.212"/>
  <testcase classname="MSNagile.Login" name="Logout" time="0.163"/>
  <testcase classname="MSNagile.Login" name="Registration" time="5.924"/>
  <testcase classname="MSNagile.Login" name="ResetPassword" time="0.127"/>
</testsuite> <!-- MSNagile.Login -->
