<?xml version="1.0" encoding="UTF-8"?>
<!-- Generated by org.testng.reporters.JUnitReportReporter -->
<testsuite hostname="KTLPT1386" failures="0" tests="5" name="APITestCase.ManageProfile" time="1.005" errors="0" timestamp="2024-09-05T15:54:02 IST" skipped="0">
  <testcase classname="APITestCase.ManageProfile" name="testChangePassword" time="0.209"/>
  <testcase classname="APITestCase.ManageProfile" name="testUploadProfileImage" time="0.298"/>
  <testcase classname="APITestCase.ManageProfile" name="testRemoveProfileImage" time="0.139"/>
  <testcase classname="APITestCase.ManageProfile" name="testUpdateUserProfile" time="0.176"/>
  <testcase classname="APITestCase.ManageProfile" name="testGetUserProfile" time="0.183"/>
</testsuite> <!-- APITestCase.ManageProfile -->
