<?xml version="1.0" encoding="UTF-8"?>
<!-- Generated by org.testng.reporters.JUnitReportReporter -->
<testsuite hostname="KTLPT1386" failures="0" tests="5" name="MSNagile.ManageSubscription" time="2.087" errors="0" timestamp="2024-10-03T11:52:21 IST" skipped="0">
  <testcase classname="MSNagile.ManageSubscription" name="SubscribePlan" time="0.466"/>
  <testcase classname="MSNagile.ManageSubscription" name="GetConsumedStorage" time="0.322"/>
  <testcase classname="MSNagile.ManageSubscription" name="GetPaymentHistory" time="0.774"/>
  <testcase classname="MSNagile.ManageSubscription" name="Login" time="0.323"/>
  <testcase classname="MSNagile.ManageSubscription" name="GetActivePlan" time="0.202"/>
</testsuite> <!-- MSNagile.ManageSubscription -->
