<?xml version="1.0" encoding="UTF-8"?>
<!-- Generated by org.testng.reporters.JUnitReportReporter -->
<testsuite hostname="KTLPT1386" failures="0" tests="4" name="MSNagile.ManageOrganization" time="0.646" errors="0" timestamp="2024-09-05T15:54:02 IST" skipped="0">
  <testcase classname="MSNagile.ManageOrganization" name="UpdateOrg" time="0.193"/>
  <testcase classname="MSNagile.ManageOrganization" name="Login" time="0.232"/>
  <testcase classname="MSNagile.ManageOrganization" name="GetOrgDetail" time="0.104"/>
  <testcase classname="MSNagile.ManageOrganization" name="GetTaxIdTypes" time="0.117"/>
</testsuite> <!-- MSNagile.ManageOrganization -->
