<?xml version="1.0" encoding="UTF-8"?>
<!-- Generated by org.testng.reporters.JUnitReportReporter -->
<testsuite hostname="KTLPT1386" failures="0" tests="4" name="MSNagile.ManageOrganization" time="0.990" errors="0" timestamp="2024-10-03T11:52:21 IST" skipped="0">
  <testcase classname="MSNagile.ManageOrganization" name="Login" time="0.290"/>
  <testcase classname="MSNagile.ManageOrganization" name="GetOrgDetail" time="0.232"/>
  <testcase classname="MSNagile.ManageOrganization" name="GetTaxIdTypes" time="0.160"/>
  <testcase classname="MSNagile.ManageOrganization" name="UpdateOrg" time="0.308"/>
</testsuite> <!-- MSNagile.ManageOrganization -->
