<?xml version="1.0" encoding="UTF-8"?>
<!-- Generated by org.testng.reporters.JUnitReportReporter -->
<testsuite hostname="KTLPT1386" failures="0" tests="14" name="APITestCase.ManageQuotation" time="9.460" errors="0" timestamp="2024-09-05T15:54:02 IST" skipped="0">
  <testcase classname="APITestCase.ManageQuotation" name="ExportQuotation" time="0.437"/>
  <testcase classname="APITestCase.ManageQuotation" name="DeleteQuotation" time="0.136"/>
  <testcase classname="APITestCase.ManageQuotation" name="DownloadQuotation" time="3.155"/>
  <testcase classname="APITestCase.ManageQuotation" name="AddLead" time="0.164"/>
  <testcase classname="APITestCase.ManageQuotation" name="QuotationDetail" time="0.181"/>
  <testcase classname="APITestCase.ManageQuotation" name="AddShippingAddress" time="0.173"/>
  <testcase classname="APITestCase.ManageQuotation" name="UpdateQuotation" time="0.334"/>
  <testcase classname="APITestCase.ManageQuotation" name="UpdateBillingAddress" time="0.214"/>
  <testcase classname="APITestCase.ManageQuotation" name="UpdateShippingAddress" time="0.294"/>
  <testcase classname="APITestCase.ManageQuotation" name="AddBillingAddress" time="0.316"/>
  <testcase classname="APITestCase.ManageQuotation" name="AddQuotation" time="0.191"/>
  <testcase classname="APITestCase.ManageQuotation" name="GetQuotation" time="1.196"/>
  <testcase classname="APITestCase.ManageQuotation" name="ConvertToOrder" time="0.710"/>
  <testcase classname="APITestCase.ManageQuotation" name="RecheckStock" time="1.959"/>
</testsuite> <!-- APITestCase.ManageQuotation -->
