<?xml version="1.0" encoding="UTF-8"?>
<!-- Generated by org.testng.reporters.JUnitReportReporter -->
<testsuite hostname="KTLPT1386" failures="0" tests="10" name="MSNagile.ManageUsersAndGroups" time="3.239" errors="0" timestamp="2024-09-05T15:54:02 IST" skipped="0">
  <testcase classname="MSNagile.ManageUsersAndGroups" name="InviteUser" time="0.383"/>
  <testcase classname="MSNagile.ManageUsersAndGroups" name="GetAllRoles" time="0.131"/>
  <testcase classname="MSNagile.ManageUsersAndGroups" name="GetAllGroups" time="0.140"/>
  <testcase classname="MSNagile.ManageUsersAndGroups" name="GetAllUsersAndDeactivateIfActive" time="0.159"/>
  <testcase classname="MSNagile.ManageUsersAndGroups" name="CreateGroup" time="1.071"/>
  <testcase classname="MSNagile.ManageUsersAndGroups" name="UpdateGroup" time="0.142"/>
  <testcase classname="MSNagile.ManageUsersAndGroups" name="DeleteGroup" time="0.744"/>
  <testcase classname="MSNagile.ManageUsersAndGroups" name="GetAllUsers" time="0.156"/>
  <testcase classname="MSNagile.ManageUsersAndGroups" name="Login" time="0.201"/>
  <testcase classname="MSNagile.ManageUsersAndGroups" name="AssignGroupToUser" time="0.112"/>
</testsuite> <!-- MSNagile.ManageUsersAndGroups -->
