<?xml version="1.0" encoding="UTF-8"?>
<!-- Generated by org.testng.reporters.JUnitReportReporter -->
<testsuite hostname="KTLPT1386" failures="0" tests="23" name="APITestCase.ManageLead" time="8.838" errors="0" timestamp="2024-09-05T15:54:02 IST" skipped="0">
  <testcase classname="APITestCase.ManageLead" name="UpdateLeadStage" time="0.275"/>
  <testcase classname="APITestCase.ManageLead" name="GetLeadOwner" time="0.180"/>
  <testcase classname="APITestCase.ManageLead" name="GetTaskByLeadId" time="0.121"/>
  <testcase classname="APITestCase.ManageLead" name="MarkLeadAsStar" time="0.166"/>
  <testcase classname="APITestCase.ManageLead" name="GetLeadHistory" time="0.109"/>
  <testcase classname="APITestCase.ManageLead" name="GetStates" time="0.136"/>
  <testcase classname="APITestCase.ManageLead" name="AddLeadActivity" time="0.146"/>
  <testcase classname="APITestCase.ManageLead" name="ExportLeads" time="2.511"/>
  <testcase classname="APITestCase.ManageLead" name="GetLeadDetails" time="0.136"/>
  <testcase classname="APITestCase.ManageLead" name="GetRequirement" time="0.101"/>
  <testcase classname="APITestCase.ManageLead" name="GetLeadTask" time="0.168"/>
  <testcase classname="APITestCase.ManageLead" name="UpdateLead" time="0.290"/>
  <testcase classname="APITestCase.ManageLead" name="AddTaskForLead" time="0.202"/>
  <testcase classname="APITestCase.ManageLead" name="GetLeadStage" time="0.108"/>
  <testcase classname="APITestCase.ManageLead" name="CheckLeadNumbers" time="0.121"/>
  <testcase classname="APITestCase.ManageLead" name="GetLeads" time="2.503"/>
  <testcase classname="APITestCase.ManageLead" name="UploadLeadAttachment" time="0.237"/>
  <testcase classname="APITestCase.ManageLead" name="RescheduleTask" time="0.178"/>
  <testcase classname="APITestCase.ManageLead" name="MarkTaskAsCompleted" time="0.163"/>
  <testcase classname="APITestCase.ManageLead" name="DeleteAttachment" time="0.135"/>
  <testcase classname="APITestCase.ManageLead" name="AddLead" time="0.649"/>
  <testcase classname="APITestCase.ManageLead" name="GetCity" time="0.110"/>
  <testcase classname="APITestCase.ManageLead" name="GetLeadActivity" time="0.093"/>
</testsuite> <!-- APITestCase.ManageLead -->
