<?xml version="1.0" encoding="UTF-8"?>
<!-- Generated by org.testng.reporters.JUnitReportReporter -->
<testsuite hostname="KTLPT1386" failures="0" tests="15" name="APITestCase.Dashboard" time="4.276" errors="0" timestamp="2024-09-05T16:36:37 IST" skipped="0">
  <testcase classname="APITestCase.Dashboard" name="StockCheckAnalytics" time="1.240"/>
  <testcase classname="APITestCase.Dashboard" name="ExportSalesExecutiveQuotationAnalytics" time="0.272"/>
  <testcase classname="APITestCase.Dashboard" name="ExportVendorStrikeRate" time="0.259"/>
  <testcase classname="APITestCase.Dashboard" name="LeadConversionReport" time="0.138"/>
  <testcase classname="APITestCase.Dashboard" name="ExportVendorPoorResponse" time="0.265"/>
  <testcase classname="APITestCase.Dashboard" name="ExportLeadOverDueTask" time="0.243"/>
  <testcase classname="APITestCase.Dashboard" name="ExportNotYetConvertedQuotation" time="0.223"/>
  <testcase classname="APITestCase.Dashboard" name="GetLeadAnalaytics" time="0.127"/>
  <testcase classname="APITestCase.Dashboard" name="ExportVendorQuickResponse" time="0.251"/>
  <testcase classname="APITestCase.Dashboard" name="ExportLeadGenerationSources" time="0.249"/>
  <testcase classname="APITestCase.Dashboard" name="GetOverDueTask" time="0.125"/>
  <testcase classname="APITestCase.Dashboard" name="GetQuotationAnalytics" time="0.124"/>
  <testcase classname="APITestCase.Dashboard" name="ExportQuotationAnalytics" time="0.370"/>
  <testcase classname="APITestCase.Dashboard" name="GetDashboardData" time="0.138"/>
  <testcase classname="APITestCase.Dashboard" name="ExportLeadConversionReport" time="0.252"/>
</testsuite> <!-- APITestCase.Dashboard -->
