<?xml version="1.0" encoding="UTF-8"?>
<!-- Generated by org.testng.reporters.JUnitReportReporter -->
<testsuite hostname="KTLPT1386" failures="0" tests="3" name="APITestCase.ManageInquiry" time="0.660" errors="0" timestamp="2024-10-03T11:52:21 IST" skipped="0">
  <testcase classname="APITestCase.ManageInquiry" name="ExportInquiry" time="0.277"/>
  <testcase classname="APITestCase.ManageInquiry" name="GetVendorInquiry" time="0.133"/>
  <testcase classname="APITestCase.ManageInquiry" name="UpdateInquiryStatus" time="0.250"/>
</testsuite> <!-- APITestCase.ManageInquiry -->
