<?xml version="1.0" encoding="UTF-8"?>
<!-- Generated by org.testng.reporters.JUnitReportReporter -->
<testsuite hostname="KTLPT1386" failures="0" tests="8" name="MSNagile.Login" time="14.972" errors="0" timestamp="2024-10-03T11:52:21 IST" skipped="0">
  <testcase classname="MSNagile.Login" name="RefreshToken" time="0.165"/>
  <testcase classname="MSNagile.Login" name="ForgotPassword" time="4.925"/>
  <testcase classname="MSNagile.Login" name="ResetPassword" time="0.142"/>
  <testcase classname="MSNagile.Login" name="EmailVerification" time="0.148"/>
  <testcase classname="MSNagile.Login" name="Registration" time="8.567"/>
  <testcase classname="MSNagile.Login" name="GetProfile" time="0.261"/>
  <testcase classname="MSNagile.Login" name="Logout" time="0.179"/>
  <testcase classname="MSNagile.Login" name="Login" time="0.585"/>
</testsuite> <!-- MSNagile.Login -->
