<?xml version="1.0" encoding="UTF-8"?>
<!-- Generated by org.testng.reporters.JUnitReportReporter -->
<testsuite hostname="KTLPT1386" failures="0" tests="15" name="APITestCase.Dashboard" time="3.580" errors="0" timestamp="2024-09-05T15:54:02 IST" skipped="0">
  <testcase classname="APITestCase.Dashboard" name="ExportQuotationAnalytics" time="0.411"/>
  <testcase classname="APITestCase.Dashboard" name="GetQuotationAnalytics" time="0.137"/>
  <testcase classname="APITestCase.Dashboard" name="ExportLeadOverDueTask" time="0.387"/>
  <testcase classname="APITestCase.Dashboard" name="GetOverDueTask" time="0.148"/>
  <testcase classname="APITestCase.Dashboard" name="ExportLeadConversionReport" time="0.277"/>
  <testcase classname="APITestCase.Dashboard" name="ExportVendorStrikeRate" time="0.237"/>
  <testcase classname="APITestCase.Dashboard" name="ExportVendorQuickResponse" time="0.243"/>
  <testcase classname="APITestCase.Dashboard" name="ExportNotYetConvertedQuotation" time="0.286"/>
  <testcase classname="APITestCase.Dashboard" name="ExportVendorPoorResponse" time="0.303"/>
  <testcase classname="APITestCase.Dashboard" name="ExportLeadGenerationSources" time="0.282"/>
  <testcase classname="APITestCase.Dashboard" name="GetLeadAnalaytics" time="0.126"/>
  <testcase classname="APITestCase.Dashboard" name="LeadConversionReport" time="0.127"/>
  <testcase classname="APITestCase.Dashboard" name="ExportSalesExecutiveQuotationAnalytics" time="0.267"/>
  <testcase classname="APITestCase.Dashboard" name="GetDashboardData" time="0.137"/>
  <testcase classname="APITestCase.Dashboard" name="StockCheckAnalytics" time="0.212"/>
</testsuite> <!-- APITestCase.Dashboard -->
