<?xml version="1.0" encoding="UTF-8"?>
<!-- Generated by org.testng.reporters.JUnitReportReporter -->
<testsuite hostname="KTLPT1386" failures="0" tests="12" name="APITestCase.ManageUser" time="4.596" errors="0" timestamp="2024-09-05T15:54:02 IST" skipped="0">
  <testcase classname="APITestCase.ManageUser" name="UpdateUserStatus" time="0.155"/>
  <testcase classname="APITestCase.ManageUser" name="UsersCount" time="0.572"/>
  <testcase classname="APITestCase.ManageUser" name="ExportUser" time="0.966"/>
  <testcase classname="APITestCase.ManageUser" name="UploadUserProfileImage" time="0.306"/>
  <testcase classname="APITestCase.ManageUser" name="GetUser" time="0.647"/>
  <testcase classname="APITestCase.ManageUser" name="UpdateUser" time="0.175"/>
  <testcase classname="APITestCase.ManageUser" name="GetVendorCompany" time="0.171"/>
  <testcase classname="APITestCase.ManageUser" name="RoleList" time="0.209"/>
  <testcase classname="APITestCase.ManageUser" name="GetBranches" time="0.144"/>
  <testcase classname="APITestCase.ManageUser" name="ResendPassword" time="0.561"/>
  <testcase classname="APITestCase.ManageUser" name="ResetPassword" time="0.124"/>
  <testcase classname="APITestCase.ManageUser" name="AddUser" time="0.566"/>
</testsuite> <!-- APITestCase.ManageUser -->
