<?xml version="1.0" encoding="UTF-8"?>
<!-- Generated by org.testng.reporters.JUnitReportReporter -->
<testsuite hostname="KTLPT1386" failures="0" tests="3" name="APITestCase.ManageInquiry" time="0.682" errors="0" timestamp="2024-09-05T13:46:26 IST" skipped="0">
  <testcase classname="APITestCase.ManageInquiry" name="GetVendorInquiry" time="0.178"/>
  <testcase classname="APITestCase.ManageInquiry" name="ExportInquiry" time="0.283"/>
  <testcase classname="APITestCase.ManageInquiry" name="UpdateInquiryStatus" time="0.221"/>
</testsuite> <!-- APITestCase.ManageInquiry -->
