<?xml version="1.0" encoding="UTF-8"?>
<!-- Generated by org.testng.reporters.JUnitReportReporter -->
<testsuite hostname="KTLPT1386" failures="0" tests="10" name="MSNagile.ManageUsersAndGroups" time="2.190" errors="0" timestamp="2024-09-05T16:36:37 IST" skipped="0">
  <testcase classname="MSNagile.ManageUsersAndGroups" name="GetAllUsersAndDeactivateIfActive" time="0.141"/>
  <testcase classname="MSNagile.ManageUsersAndGroups" name="Login" time="0.222"/>
  <testcase classname="MSNagile.ManageUsersAndGroups" name="CreateGroup" time="0.432"/>
  <testcase classname="MSNagile.ManageUsersAndGroups" name="GetAllGroups" time="0.149"/>
  <testcase classname="MSNagile.ManageUsersAndGroups" name="GetAllRoles" time="0.106"/>
  <testcase classname="MSNagile.ManageUsersAndGroups" name="UpdateGroup" time="0.121"/>
  <testcase classname="MSNagile.ManageUsersAndGroups" name="InviteUser" time="0.405"/>
  <testcase classname="MSNagile.ManageUsersAndGroups" name="DeleteGroup" time="0.120"/>
  <testcase classname="MSNagile.ManageUsersAndGroups" name="GetAllUsers" time="0.369"/>
  <testcase classname="MSNagile.ManageUsersAndGroups" name="AssignGroupToUser" time="0.125"/>
</testsuite> <!-- MSNagile.ManageUsersAndGroups -->
