<?xml version="1.0" encoding="UTF-8"?>
<!-- Generated by org.testng.reporters.JUnitReportReporter -->
<testsuite hostname="KTLPT1386" failures="0" tests="6" name="APITestCase.ManageInventory" time="1.272" errors="0" timestamp="2024-09-05T15:54:02 IST" skipped="0">
  <testcase classname="APITestCase.ManageInventory" name="DeleteImage" time="0.127"/>
  <testcase classname="APITestCase.ManageInventory" name="GetInventory" time="0.167"/>
  <testcase classname="APITestCase.ManageInventory" name="GetProductDetails" time="0.150"/>
  <testcase classname="APITestCase.ManageInventory" name="UpdateProduct" time="0.125"/>
  <testcase classname="APITestCase.ManageInventory" name="AddProductImage" time="0.495"/>
  <testcase classname="APITestCase.ManageInventory" name="AddInventory" time="0.208"/>
</testsuite> <!-- APITestCase.ManageInventory -->
