<?xml version="1.0" encoding="UTF-8"?>
<!-- Generated by org.testng.reporters.JUnitReportReporter -->
<testsuite hostname="KTLPT1386" failures="0" tests="5" name="MSNagile.ManageSubscription" time="3.686" errors="0" timestamp="2024-09-05T13:46:26 IST" skipped="0">
  <testcase classname="MSNagile.ManageSubscription" name="Login" time="2.135"/>
  <testcase classname="MSNagile.ManageSubscription" name="GetConsumedStorage" time="0.199"/>
  <testcase classname="MSNagile.ManageSubscription" name="GetPaymentHistory" time="0.118"/>
  <testcase classname="MSNagile.ManageSubscription" name="GetActivePlan" time="0.848"/>
  <testcase classname="MSNagile.ManageSubscription" name="SubscribePlan" time="0.386"/>
</testsuite> <!-- MSNagile.ManageSubscription -->
