<?xml version="1.0" encoding="UTF-8"?>
<!-- Generated by org.testng.reporters.JUnitReportReporter -->
<testsuite hostname="KTLPT1386" failures="0" tests="7" name="APITestCase.Login" time="2.225" errors="0" timestamp="2024-09-05T15:54:02 IST" skipped="0">
  <testcase classname="APITestCase.Login" name="LoginWithOtp" time="0.905"/>
  <testcase classname="APITestCase.Login" name="Logout" time="0.133"/>
  <testcase classname="APITestCase.Login" name="UserProfile" time="0.167"/>
  <testcase classname="APITestCase.Login" name="TestResetPassword" time="0.179"/>
  <testcase classname="APITestCase.Login" name="LoginWithPassword" time="0.391"/>
  <testcase classname="APITestCase.Login" name="OtpVerification" time="0.224"/>
  <testcase classname="APITestCase.Login" name="ResetPassword" time="0.226"/>
</testsuite> <!-- APITestCase.Login -->
