<?xml version="1.0" encoding="UTF-8"?>
<!-- Generated by org.testng.reporters.JUnitReportReporter -->
<testsuite hostname="KTLPT1386" failures="0" tests="6" name="APITestCase.ManageInventory" time="1.315" errors="0" timestamp="2024-09-05T16:36:37 IST" skipped="0">
  <testcase classname="APITestCase.ManageInventory" name="AddProductImage" time="0.519"/>
  <testcase classname="APITestCase.ManageInventory" name="DeleteImage" time="0.105"/>
  <testcase classname="APITestCase.ManageInventory" name="UpdateProduct" time="0.121"/>
  <testcase classname="APITestCase.ManageInventory" name="AddInventory" time="0.253"/>
  <testcase classname="APITestCase.ManageInventory" name="GetInventory" time="0.185"/>
  <testcase classname="APITestCase.ManageInventory" name="GetProductDetails" time="0.132"/>
</testsuite> <!-- APITestCase.ManageInventory -->
