<?xml version="1.0" encoding="UTF-8"?>
<!-- Generated by org.testng.reporters.JUnitReportReporter -->
<testsuite hostname="KTLPT1386" failures="0" tests="7" name="APITestCase.RolesAndPermissions" time="1.686" errors="0" timestamp="2024-09-05T13:46:26 IST" skipped="0">
  <testcase classname="APITestCase.RolesAndPermissions" name="editRole" time="0.370"/>
  <testcase classname="APITestCase.RolesAndPermissions" name="RoleList" time="0.246"/>
  <testcase classname="APITestCase.RolesAndPermissions" name="getRoleDetail" time="0.204"/>
  <testcase classname="APITestCase.RolesAndPermissions" name="editRoleName" time="0.158"/>
  <testcase classname="APITestCase.RolesAndPermissions" name="createRole" time="0.237"/>
  <testcase classname="APITestCase.RolesAndPermissions" name="getRoles" time="0.282"/>
  <testcase classname="APITestCase.RolesAndPermissions" name="deleteRole" time="0.189"/>
</testsuite> <!-- APITestCase.RolesAndPermissions -->
