<?xml version="1.0" encoding="UTF-8"?>
<!-- Generated by org.testng.reporters.JUnitReportReporter -->
<testsuite hostname="KTLPT1386" failures="0" tests="23" name="APITestCase.ManageLead" time="12.950" errors="0" timestamp="2024-09-05T13:46:26 IST" skipped="0">
  <testcase classname="APITestCase.ManageLead" name="GetLeadOwner" time="0.261"/>
  <testcase classname="APITestCase.ManageLead" name="ExportLeads" time="3.431"/>
  <testcase classname="APITestCase.ManageLead" name="GetLeadDetails" time="0.197"/>
  <testcase classname="APITestCase.ManageLead" name="GetLeadTask" time="0.461"/>
  <testcase classname="APITestCase.ManageLead" name="GetRequirement" time="0.164"/>
  <testcase classname="APITestCase.ManageLead" name="GetTaskByLeadId" time="0.179"/>
  <testcase classname="APITestCase.ManageLead" name="RescheduleTask" time="0.549"/>
  <testcase classname="APITestCase.ManageLead" name="AddTaskForLead" time="0.341"/>
  <testcase classname="APITestCase.ManageLead" name="GetLeads" time="2.690"/>
  <testcase classname="APITestCase.ManageLead" name="DeleteAttachment" time="0.173"/>
  <testcase classname="APITestCase.ManageLead" name="MarkLeadAsStar" time="0.446"/>
  <testcase classname="APITestCase.ManageLead" name="GetLeadActivity" time="0.212"/>
  <testcase classname="APITestCase.ManageLead" name="CheckLeadNumbers" time="0.276"/>
  <testcase classname="APITestCase.ManageLead" name="MarkTaskAsCompleted" time="0.205"/>
  <testcase classname="APITestCase.ManageLead" name="UpdateLead" time="0.337"/>
  <testcase classname="APITestCase.ManageLead" name="UploadLeadAttachment" time="0.441"/>
  <testcase classname="APITestCase.ManageLead" name="GetCity" time="0.292"/>
  <testcase classname="APITestCase.ManageLead" name="GetStates" time="0.344"/>
  <testcase classname="APITestCase.ManageLead" name="GetLeadHistory" time="0.205"/>
  <testcase classname="APITestCase.ManageLead" name="UpdateLeadStage" time="0.438"/>
  <testcase classname="APITestCase.ManageLead" name="AddLeadActivity" time="0.266"/>
  <testcase classname="APITestCase.ManageLead" name="GetLeadStage" time="0.349"/>
  <testcase classname="APITestCase.ManageLead" name="AddLead" time="0.693"/>
</testsuite> <!-- APITestCase.ManageLead -->
