<?xml version="1.0" encoding="UTF-8"?>
<!-- Generated by org.testng.reporters.JUnitReportReporter -->
<testsuite hostname="KTLPT1386" failures="0" tests="14" name="APITestCase.ManageQuotation" time="20.556" errors="0" timestamp="2024-09-05T16:36:37 IST" skipped="0">
  <testcase classname="APITestCase.ManageQuotation" name="RecheckStock" time="1.498"/>
  <testcase classname="APITestCase.ManageQuotation" name="AddBillingAddress" time="0.108"/>
  <testcase classname="APITestCase.ManageQuotation" name="UpdateQuotation" time="0.225"/>
  <testcase classname="APITestCase.ManageQuotation" name="GetQuotation" time="0.172"/>
  <testcase classname="APITestCase.ManageQuotation" name="AddLead" time="0.212"/>
  <testcase classname="APITestCase.ManageQuotation" name="ConvertToOrder" time="0.700"/>
  <testcase classname="APITestCase.ManageQuotation" name="AddQuotation" time="0.207"/>
  <testcase classname="APITestCase.ManageQuotation" name="AddShippingAddress" time="0.191"/>
  <testcase classname="APITestCase.ManageQuotation" name="DeleteQuotation" time="0.208"/>
  <testcase classname="APITestCase.ManageQuotation" name="UpdateBillingAddress" time="0.191"/>
  <testcase classname="APITestCase.ManageQuotation" name="QuotationDetail" time="0.204"/>
  <testcase classname="APITestCase.ManageQuotation" name="UpdateShippingAddress" time="0.173"/>
  <testcase classname="APITestCase.ManageQuotation" name="ExportQuotation" time="5.454"/>
  <testcase classname="APITestCase.ManageQuotation" name="DownloadQuotation" time="11.013"/>
</testsuite> <!-- APITestCase.ManageQuotation -->
