<?xml version="1.0" encoding="UTF-8"?>
<!-- Generated by org.testng.reporters.JUnitReportReporter -->
<testsuite hostname="KTLPT1386" failures="0" tests="7" name="APITestCase.RolesAndPermissions" time="1.227" errors="0" timestamp="2024-09-05T16:36:37 IST" skipped="0">
  <testcase classname="APITestCase.RolesAndPermissions" name="getRoleDetail" time="0.157"/>
  <testcase classname="APITestCase.RolesAndPermissions" name="deleteRole" time="0.223"/>
  <testcase classname="APITestCase.RolesAndPermissions" name="getRoles" time="0.103"/>
  <testcase classname="APITestCase.RolesAndPermissions" name="RoleList" time="0.173"/>
  <testcase classname="APITestCase.RolesAndPermissions" name="editRole" time="0.180"/>
  <testcase classname="APITestCase.RolesAndPermissions" name="createRole" time="0.190"/>
  <testcase classname="APITestCase.RolesAndPermissions" name="editRoleName" time="0.201"/>
</testsuite> <!-- APITestCase.RolesAndPermissions -->
