<?xml version="1.0" encoding="UTF-8"?>
<!-- Generated by org.testng.reporters.JUnitReportReporter -->
<testsuite hostname="KTLPT1386" failures="0" tests="15" name="APITestCase.Dashboard" time="5.211" errors="0" timestamp="2024-09-05T13:46:26 IST" skipped="0">
  <testcase classname="APITestCase.Dashboard" name="ExportVendorPoorResponse" time="0.287"/>
  <testcase classname="APITestCase.Dashboard" name="GetOverDueTask" time="0.146"/>
  <testcase classname="APITestCase.Dashboard" name="StockCheckAnalytics" time="0.142"/>
  <testcase classname="APITestCase.Dashboard" name="GetDashboardData" time="0.165"/>
  <testcase classname="APITestCase.Dashboard" name="ExportVendorQuickResponse" time="0.270"/>
  <testcase classname="APITestCase.Dashboard" name="ExportQuotationAnalytics" time="0.294"/>
  <testcase classname="APITestCase.Dashboard" name="ExportVendorStrikeRate" time="0.275"/>
  <testcase classname="APITestCase.Dashboard" name="ExportLeadOverDueTask" time="0.643"/>
  <testcase classname="APITestCase.Dashboard" name="GetLeadAnalaytics" time="0.147"/>
  <testcase classname="APITestCase.Dashboard" name="ExportSalesExecutiveQuotationAnalytics" time="0.270"/>
  <testcase classname="APITestCase.Dashboard" name="ExportLeadConversionReport" time="0.390"/>
  <testcase classname="APITestCase.Dashboard" name="GetQuotationAnalytics" time="0.164"/>
  <testcase classname="APITestCase.Dashboard" name="ExportLeadGenerationSources" time="0.330"/>
  <testcase classname="APITestCase.Dashboard" name="LeadConversionReport" time="0.142"/>
  <testcase classname="APITestCase.Dashboard" name="ExportNotYetConvertedQuotation" time="1.546"/>
</testsuite> <!-- APITestCase.Dashboard -->
