<?xml version="1.0" encoding="UTF-8"?>
<!-- Generated by org.testng.reporters.JUnitReportReporter -->
<testsuite hostname="KTLPT1386" failures="0" tests="7" name="APITestCase.Login" time="3.388" errors="0" timestamp="2024-09-05T13:46:26 IST" skipped="0">
  <testcase classname="APITestCase.Login" name="OtpVerification" time="0.518"/>
  <testcase classname="APITestCase.Login" name="LoginWithPassword" time="0.607"/>
  <testcase classname="APITestCase.Login" name="LoginWithOtp" time="1.022"/>
  <testcase classname="APITestCase.Login" name="Logout" time="0.573"/>
  <testcase classname="APITestCase.Login" name="ResetPassword" time="0.283"/>
  <testcase classname="APITestCase.Login" name="TestResetPassword" time="0.202"/>
  <testcase classname="APITestCase.Login" name="UserProfile" time="0.183"/>
</testsuite> <!-- APITestCase.Login -->
