<?xml version="1.0" encoding="UTF-8"?>
<!-- Generated by org.testng.reporters.JUnitReportReporter -->
<testsuite hostname="KTLPT1386" failures="0" tests="7" name="APITestCase.RolesAndPermissions" time="1.053" errors="0" timestamp="2024-09-05T15:54:02 IST" skipped="0">
  <testcase classname="APITestCase.RolesAndPermissions" name="editRole" time="0.153"/>
  <testcase classname="APITestCase.RolesAndPermissions" name="getRoleDetail" time="0.149"/>
  <testcase classname="APITestCase.RolesAndPermissions" name="RoleList" time="0.174"/>
  <testcase classname="APITestCase.RolesAndPermissions" name="editRoleName" time="0.139"/>
  <testcase classname="APITestCase.RolesAndPermissions" name="deleteRole" time="0.139"/>
  <testcase classname="APITestCase.RolesAndPermissions" name="createRole" time="0.177"/>
  <testcase classname="APITestCase.RolesAndPermissions" name="getRoles" time="0.122"/>
</testsuite> <!-- APITestCase.RolesAndPermissions -->
