<?xml version="1.0" encoding="UTF-8"?>
<!-- Generated by org.testng.reporters.JUnitReportReporter -->
<testsuite hostname="KTLPT1386" failures="0" tests="14" name="APITestCase.ManageQuotation" time="16.094" errors="0" timestamp="2024-09-05T13:46:26 IST" skipped="0">
  <testcase classname="APITestCase.ManageQuotation" name="AddQuotation" time="0.390"/>
  <testcase classname="APITestCase.ManageQuotation" name="AddLead" time="0.671"/>
  <testcase classname="APITestCase.ManageQuotation" name="ExportQuotation" time="0.338"/>
  <testcase classname="APITestCase.ManageQuotation" name="AddShippingAddress" time="0.333"/>
  <testcase classname="APITestCase.ManageQuotation" name="GetQuotation" time="1.208"/>
  <testcase classname="APITestCase.ManageQuotation" name="QuotationDetail" time="0.297"/>
  <testcase classname="APITestCase.ManageQuotation" name="UpdateQuotation" time="0.645"/>
  <testcase classname="APITestCase.ManageQuotation" name="ConvertToOrder" time="1.434"/>
  <testcase classname="APITestCase.ManageQuotation" name="UpdateShippingAddress" time="0.174"/>
  <testcase classname="APITestCase.ManageQuotation" name="RecheckStock" time="6.289"/>
  <testcase classname="APITestCase.ManageQuotation" name="UpdateBillingAddress" time="0.304"/>
  <testcase classname="APITestCase.ManageQuotation" name="AddBillingAddress" time="0.169"/>
  <testcase classname="APITestCase.ManageQuotation" name="DownloadQuotation" time="3.636"/>
  <testcase classname="APITestCase.ManageQuotation" name="DeleteQuotation" time="0.206"/>
</testsuite> <!-- APITestCase.ManageQuotation -->
