<?xml version="1.0" encoding="UTF-8"?>
<!-- Generated by org.testng.reporters.JUnitReportReporter -->
<testsuite hostname="KTLPT1386" failures="0" tests="5" name="APITestCase.ManageProfile" time="0.926" errors="0" timestamp="2024-10-03T11:52:21 IST" skipped="0">
  <testcase classname="APITestCase.ManageProfile" name="testChangePassword" time="0.193"/>
  <testcase classname="APITestCase.ManageProfile" name="testRemoveProfileImage" time="0.147"/>
  <testcase classname="APITestCase.ManageProfile" name="testGetUserProfile" time="0.159"/>
  <testcase classname="APITestCase.ManageProfile" name="testUploadProfileImage" time="0.243"/>
  <testcase classname="APITestCase.ManageProfile" name="testUpdateUserProfile" time="0.184"/>
</testsuite> <!-- APITestCase.ManageProfile -->
