<?xml version="1.0" encoding="UTF-8"?>
<!-- Generated by org.testng.reporters.JUnitReportReporter -->
<testsuite hostname="KTLPT1386" failures="0" tests="14" name="APITestCase.ManageQuotation" time="8.592" errors="0" timestamp="2024-10-03T11:52:21 IST" skipped="0">
  <testcase classname="APITestCase.ManageQuotation" name="QuotationDetail" time="0.141"/>
  <testcase classname="APITestCase.ManageQuotation" name="AddQuotation" time="0.223"/>
  <testcase classname="APITestCase.ManageQuotation" name="ExportQuotation" time="0.265"/>
  <testcase classname="APITestCase.ManageQuotation" name="UpdateQuotation" time="0.186"/>
  <testcase classname="APITestCase.ManageQuotation" name="AddLead" time="0.173"/>
  <testcase classname="APITestCase.ManageQuotation" name="ConvertToOrder" time="0.704"/>
  <testcase classname="APITestCase.ManageQuotation" name="GetQuotation" time="0.167"/>
  <testcase classname="APITestCase.ManageQuotation" name="AddBillingAddress" time="0.108"/>
  <testcase classname="APITestCase.ManageQuotation" name="UpdateShippingAddress" time="0.171"/>
  <testcase classname="APITestCase.ManageQuotation" name="DeleteQuotation" time="0.141"/>
  <testcase classname="APITestCase.ManageQuotation" name="RecheckStock" time="2.769"/>
  <testcase classname="APITestCase.ManageQuotation" name="UpdateBillingAddress" time="0.198"/>
  <testcase classname="APITestCase.ManageQuotation" name="AddShippingAddress" time="0.180"/>
  <testcase classname="APITestCase.ManageQuotation" name="DownloadQuotation" time="3.166"/>
</testsuite> <!-- APITestCase.ManageQuotation -->
