<?xml version="1.0" encoding="UTF-8"?>
<!-- Generated by org.testng.reporters.JUnitReportReporter -->
<testsuite hostname="KTLPT1386" failures="0" tests="4" name="MSNagile.ManageOrganization" time="0.632" errors="0" timestamp="2024-09-05T13:46:26 IST" skipped="0">
  <testcase classname="MSNagile.ManageOrganization" name="UpdateOrg" time="0.212"/>
  <testcase classname="MSNagile.ManageOrganization" name="Login" time="0.210"/>
  <testcase classname="MSNagile.ManageOrganization" name="GetTaxIdTypes" time="0.109"/>
  <testcase classname="MSNagile.ManageOrganization" name="GetOrgDetail" time="0.101"/>
</testsuite> <!-- MSNagile.ManageOrganization -->
