<?xml version="1.0" encoding="UTF-8"?>
<!-- Generated by org.testng.reporters.JUnitReportReporter -->
<testsuite hostname="KTLPT1386" failures="0" tests="12" name="APITestCase.ManageUser" time="7.247" errors="0" timestamp="2024-09-05T13:46:26 IST" skipped="0">
  <testcase classname="APITestCase.ManageUser" name="GetUser" time="1.716"/>
  <testcase classname="APITestCase.ManageUser" name="UploadUserProfileImage" time="0.382"/>
  <testcase classname="APITestCase.ManageUser" name="ResendPassword" time="0.950"/>
  <testcase classname="APITestCase.ManageUser" name="UpdateUserStatus" time="0.237"/>
  <testcase classname="APITestCase.ManageUser" name="RoleList" time="0.349"/>
  <testcase classname="APITestCase.ManageUser" name="AddUser" time="0.548"/>
  <testcase classname="APITestCase.ManageUser" name="GetVendorCompany" time="0.423"/>
  <testcase classname="APITestCase.ManageUser" name="GetBranches" time="0.194"/>
  <testcase classname="APITestCase.ManageUser" name="ExportUser" time="1.089"/>
  <testcase classname="APITestCase.ManageUser" name="UpdateUser" time="0.462"/>
  <testcase classname="APITestCase.ManageUser" name="ResetPassword" time="0.226"/>
  <testcase classname="APITestCase.ManageUser" name="UsersCount" time="0.671"/>
</testsuite> <!-- APITestCase.ManageUser -->
