<?xml version="1.0" encoding="UTF-8"?>
<!-- Generated by org.testng.reporters.JUnitReportReporter -->
<testsuite hostname="KTLPT1386" failures="0" tests="15" name="APITestCase.Dashboard" time="3.223" errors="0" timestamp="2024-10-03T11:52:21 IST" skipped="0">
  <testcase classname="APITestCase.Dashboard" name="ExportVendorPoorResponse" time="0.265"/>
  <testcase classname="APITestCase.Dashboard" name="ExportLeadGenerationSources" time="0.274"/>
  <testcase classname="APITestCase.Dashboard" name="ExportVendorStrikeRate" time="0.353"/>
  <testcase classname="APITestCase.Dashboard" name="StockCheckAnalytics" time="0.169"/>
  <testcase classname="APITestCase.Dashboard" name="ExportVendorQuickResponse" time="0.251"/>
  <testcase classname="APITestCase.Dashboard" name="ExportLeadOverDueTask" time="0.240"/>
  <testcase classname="APITestCase.Dashboard" name="GetDashboardData" time="0.142"/>
  <testcase classname="APITestCase.Dashboard" name="ExportLeadConversionReport" time="0.258"/>
  <testcase classname="APITestCase.Dashboard" name="GetQuotationAnalytics" time="0.128"/>
  <testcase classname="APITestCase.Dashboard" name="LeadConversionReport" time="0.136"/>
  <testcase classname="APITestCase.Dashboard" name="ExportSalesExecutiveQuotationAnalytics" time="0.248"/>
  <testcase classname="APITestCase.Dashboard" name="GetOverDueTask" time="0.127"/>
  <testcase classname="APITestCase.Dashboard" name="ExportNotYetConvertedQuotation" time="0.238"/>
  <testcase classname="APITestCase.Dashboard" name="ExportQuotationAnalytics" time="0.255"/>
  <testcase classname="APITestCase.Dashboard" name="GetLeadAnalaytics" time="0.139"/>
</testsuite> <!-- APITestCase.Dashboard -->
