<?xml version="1.0" encoding="UTF-8"?>
<!-- Generated by org.testng.reporters.JUnitReportReporter -->
<testsuite hostname="KTLPT1386" failures="0" tests="5" name="MSNagile.ManageSubscription" time="1.348" errors="0" timestamp="2024-09-05T16:36:37 IST" skipped="0">
  <testcase classname="MSNagile.ManageSubscription" name="GetConsumedStorage" time="0.180"/>
  <testcase classname="MSNagile.ManageSubscription" name="SubscribePlan" time="0.377"/>
  <testcase classname="MSNagile.ManageSubscription" name="Login" time="0.246"/>
  <testcase classname="MSNagile.ManageSubscription" name="GetPaymentHistory" time="0.415"/>
  <testcase classname="MSNagile.ManageSubscription" name="GetActivePlan" time="0.130"/>
</testsuite> <!-- MSNagile.ManageSubscription -->
