<?xml version="1.0" encoding="UTF-8"?>
<!-- Generated by org.testng.reporters.JUnitReportReporter -->
<testsuite hostname="KTLPT1386" failures="0" tests="14" name="APITestCase.ManageQuotation" time="9.667" errors="0" timestamp="2024-09-05T12:35:28 IST" skipped="0">
  <testcase classname="APITestCase.ManageQuotation" name="UpdateQuotation" time="1.230"/>
  <system-out/>
  <testcase classname="APITestCase.ManageQuotation" name="AddQuotation" time="0.194"/>
  <system-out/>
  <testcase classname="APITestCase.ManageQuotation" name="AddLead" time="0.174"/>
  <system-out/>
  <testcase classname="APITestCase.ManageQuotation" name="UpdateShippingAddress" time="0.157"/>
  <system-out/>
  <testcase classname="APITestCase.ManageQuotation" name="ConvertToOrder" time="0.740"/>
  <system-out/>
  <testcase classname="APITestCase.ManageQuotation" name="ExportQuotation" time="0.224"/>
  <system-out/>
  <testcase classname="APITestCase.ManageQuotation" name="DownloadQuotation" time="3.225"/>
  <system-out/>
  <testcase classname="APITestCase.ManageQuotation" name="GetQuotation" time="1.208"/>
  <system-out/>
  <testcase classname="APITestCase.ManageQuotation" name="AddBillingAddress" time="0.125"/>
  <system-out/>
  <testcase classname="APITestCase.ManageQuotation" name="DeleteQuotation" time="0.148"/>
  <system-out/>
  <testcase classname="APITestCase.ManageQuotation" name="RecheckStock" time="1.714"/>
  <system-out/>
  <testcase classname="APITestCase.ManageQuotation" name="AddShippingAddress" time="0.207"/>
  <system-out/>
  <testcase classname="APITestCase.ManageQuotation" name="QuotationDetail" time="0.141"/>
  <system-out/>
  <testcase classname="APITestCase.ManageQuotation" name="UpdateBillingAddress" time="0.180"/>
  <system-out/>
</testsuite> <!-- APITestCase.ManageQuotation -->
