<?xml version="1.0" encoding="UTF-8"?>
<!-- Generated by org.testng.reporters.JUnitReportReporter -->
<testsuite hostname="KTLPT1386" failures="0" tests="12" name="APITestCase.ManageUser" time="5.766" errors="0" timestamp="2024-09-05T12:35:28 IST" skipped="0">
  <testcase classname="APITestCase.ManageUser" name="ResetPassword" time="0.145"/>
  <system-out/>
  <testcase classname="APITestCase.ManageUser" name="ExportUser" time="1.000"/>
  <system-out/>
  <testcase classname="APITestCase.ManageUser" name="UpdateUserStatus" time="0.144"/>
  <system-out/>
  <testcase classname="APITestCase.ManageUser" name="ResendPassword" time="1.536"/>
  <system-out/>
  <testcase classname="APITestCase.ManageUser" name="GetBranches" time="0.169"/>
  <system-out/>
  <testcase classname="APITestCase.ManageUser" name="GetUser" time="0.551"/>
  <system-out/>
  <testcase classname="APITestCase.ManageUser" name="GetVendorCompany" time="0.185"/>
  <system-out/>
  <testcase classname="APITestCase.ManageUser" name="AddUser" time="0.472"/>
  <system-out/>
  <testcase classname="APITestCase.ManageUser" name="UsersCount" time="0.761"/>
  <system-out/>
  <testcase classname="APITestCase.ManageUser" name="UploadUserProfileImage" time="0.356"/>
  <system-out/>
  <testcase classname="APITestCase.ManageUser" name="UpdateUser" time="0.195"/>
  <system-out/>
  <testcase classname="APITestCase.ManageUser" name="RoleList" time="0.252"/>
  <system-out/>
</testsuite> <!-- APITestCase.ManageUser -->
