<?xml version="1.0" encoding="UTF-8"?>
<!-- Generated by org.testng.reporters.JUnitReportReporter -->
<testsuite hostname="KTLPT1386" failures="0" tests="4" name="MSNagile.ManageOrganization" time="1.805" errors="0" timestamp="2024-09-05T12:35:28 IST" skipped="0">
  <testcase classname="MSNagile.ManageOrganization" name="GetOrgDetail" time="0.123"/>
  <system-out/>
  <testcase classname="MSNagile.ManageOrganization" name="Login" time="0.260"/>
  <system-out/>
  <testcase classname="MSNagile.ManageOrganization" name="UpdateOrg" time="1.293"/>
  <system-out/>
  <testcase classname="MSNagile.ManageOrganization" name="GetTaxIdTypes" time="0.129"/>
  <system-out/>
</testsuite> <!-- MSNagile.ManageOrganization -->
