<?xml version="1.0" encoding="UTF-8"?>
<!-- Generated by org.testng.reporters.JUnitReportReporter -->
<testsuite hostname="KTLPT1386" failures="0" tests="15" name="APITestCase.Dashboard" time="3.203" errors="0" timestamp="2024-10-01T10:33:18 IST" skipped="0">
  <testcase classname="APITestCase.Dashboard" name="LeadConversionReport" time="0.165"/>
  <system-out/>
  <testcase classname="APITestCase.Dashboard" name="ExportLeadGenerationSources" time="0.233"/>
  <system-out/>
  <testcase classname="APITestCase.Dashboard" name="ExportNotYetConvertedQuotation" time="0.267"/>
  <system-out/>
  <testcase classname="APITestCase.Dashboard" name="ExportVendorQuickResponse" time="0.247"/>
  <system-out/>
  <testcase classname="APITestCase.Dashboard" name="ExportSalesExecutiveQuotationAnalytics" time="0.245"/>
  <system-out/>
  <testcase classname="APITestCase.Dashboard" name="StockCheckAnalytics" time="0.171"/>
  <system-out/>
  <testcase classname="APITestCase.Dashboard" name="GetLeadAnalaytics" time="0.135"/>
  <system-out/>
  <testcase classname="APITestCase.Dashboard" name="ExportLeadConversionReport" time="0.257"/>
  <system-out/>
  <testcase classname="APITestCase.Dashboard" name="ExportVendorPoorResponse" time="0.251"/>
  <system-out/>
  <testcase classname="APITestCase.Dashboard" name="ExportVendorStrikeRate" time="0.259"/>
  <system-out/>
  <testcase classname="APITestCase.Dashboard" name="GetDashboardData" time="0.143"/>
  <system-out/>
  <testcase classname="APITestCase.Dashboard" name="ExportQuotationAnalytics" time="0.251"/>
  <system-out/>
  <testcase classname="APITestCase.Dashboard" name="GetQuotationAnalytics" time="0.131"/>
  <system-out/>
  <testcase classname="APITestCase.Dashboard" name="GetOverDueTask" time="0.151"/>
  <system-out/>
  <testcase classname="APITestCase.Dashboard" name="ExportLeadOverDueTask" time="0.297"/>
  <system-out/>
</testsuite> <!-- APITestCase.Dashboard -->
