<?xml version="1.0" encoding="UTF-8"?>
<!-- Generated by org.testng.reporters.JUnitReportReporter -->
<testsuite hostname="KTLPT1386" failures="0" tests="5" name="MSNagile.ManageSubscription" time="2.105" errors="0" timestamp="2024-09-05T12:35:28 IST" skipped="0">
  <testcase classname="MSNagile.ManageSubscription" name="GetConsumedStorage" time="0.194"/>
  <system-out/>
  <testcase classname="MSNagile.ManageSubscription" name="SubscribePlan" time="0.364"/>
  <system-out/>
  <testcase classname="MSNagile.ManageSubscription" name="GetPaymentHistory" time="0.144"/>
  <system-out/>
  <testcase classname="MSNagile.ManageSubscription" name="Login" time="0.223"/>
  <system-out/>
  <testcase classname="MSNagile.ManageSubscription" name="GetActivePlan" time="1.180"/>
  <system-out/>
</testsuite> <!-- MSNagile.ManageSubscription -->
