<?xml version="1.0" encoding="UTF-8"?>
<!-- Generated by org.testng.reporters.JUnitReportReporter -->
<testsuite hostname="KTLPT1386" failures="0" tests="6" name="APITestCase.ManageInventory" time="1.401" errors="0" timestamp="2024-09-05T12:35:28 IST" skipped="0">
  <testcase classname="APITestCase.ManageInventory" name="UpdateProduct" time="0.164"/>
  <system-out/>
  <testcase classname="APITestCase.ManageInventory" name="GetInventory" time="0.190"/>
  <system-out/>
  <testcase classname="APITestCase.ManageInventory" name="AddProductImage" time="0.539"/>
  <system-out/>
  <testcase classname="APITestCase.ManageInventory" name="DeleteImage" time="0.105"/>
  <system-out/>
  <testcase classname="APITestCase.ManageInventory" name="GetProductDetails" time="0.132"/>
  <system-out/>
  <testcase classname="APITestCase.ManageInventory" name="AddInventory" time="0.271"/>
  <system-out/>
</testsuite> <!-- APITestCase.ManageInventory -->
