<?xml version="1.0" encoding="UTF-8"?>
<!-- Generated by org.testng.reporters.JUnitReportReporter -->
<testsuite hostname="KTLPT1386" failures="0" tests="10" name="MSNagile.ManageUsersAndGroups" time="1.822" errors="0" timestamp="2024-09-05T12:35:28 IST" skipped="0">
  <testcase classname="MSNagile.ManageUsersAndGroups" name="GetAllUsers" time="0.121"/>
  <system-out/>
  <testcase classname="MSNagile.ManageUsersAndGroups" name="CreateGroup" time="0.386"/>
  <system-out/>
  <testcase classname="MSNagile.ManageUsersAndGroups" name="InviteUser" time="0.368"/>
  <system-out/>
  <testcase classname="MSNagile.ManageUsersAndGroups" name="AssignGroupToUser" time="0.124"/>
  <system-out/>
  <testcase classname="MSNagile.ManageUsersAndGroups" name="UpdateGroup" time="0.109"/>
  <system-out/>
  <testcase classname="MSNagile.ManageUsersAndGroups" name="Login" time="0.220"/>
  <system-out/>
  <testcase classname="MSNagile.ManageUsersAndGroups" name="GetAllUsersAndDeactivateIfActive" time="0.145"/>
  <system-out/>
  <testcase classname="MSNagile.ManageUsersAndGroups" name="GetAllRoles" time="0.144"/>
  <system-out/>
  <testcase classname="MSNagile.ManageUsersAndGroups" name="DeleteGroup" time="0.091"/>
  <system-out/>
  <testcase classname="MSNagile.ManageUsersAndGroups" name="GetAllGroups" time="0.114"/>
  <system-out/>
</testsuite> <!-- MSNagile.ManageUsersAndGroups -->
