<?xml version="1.0" encoding="UTF-8"?>
<!-- Generated by org.testng.reporters.JUnitReportReporter -->
<testsuite hostname="KTLPT1386" failures="0" tests="7" name="APITestCase.logins" time="6.271" errors="0" timestamp="2024-06-18T10:42:09 IST" skipped="0">
  <testcase classname="APITestCase.logins" name="Login" time="4.617"/>
  <system-out/>
  <testcase classname="APITestCase.logins" name="Logout" time="0.204"/>
  <system-out/>
  <testcase classname="APITestCase.logins" name="CheckResetPassword" time="0.219"/>
  <system-out/>
  <testcase classname="APITestCase.logins" name="LoginWithOtp" time="0.488"/>
  <system-out/>
  <testcase classname="APITestCase.logins" name="OtpVerification" time="0.296"/>
  <system-out/>
  <testcase classname="APITestCase.logins" name="ResetPassword" time="0.257"/>
  <system-out/>
  <testcase classname="APITestCase.logins" name="UserProfile" time="0.190"/>
  <system-out/>
</testsuite> <!-- APITestCase.logins -->
