<?xml version="1.0" encoding="UTF-8"?>
<!-- Generated by org.testng.reporters.JUnitReportReporter -->
<testsuite hostname="KTLPT1386" failures="0" tests="14" name="APITestCase.ManageQuotation" time="7.927" errors="0" timestamp="2024-10-01T10:33:18 IST" skipped="0">
  <testcase classname="APITestCase.ManageQuotation" name="ConvertToOrder" time="0.713"/>
  <system-out/>
  <testcase classname="APITestCase.ManageQuotation" name="DownloadQuotation" time="3.308"/>
  <system-out/>
  <testcase classname="APITestCase.ManageQuotation" name="ExportQuotation" time="0.305"/>
  <system-out/>
  <testcase classname="APITestCase.ManageQuotation" name="UpdateShippingAddress" time="0.168"/>
  <system-out/>
  <testcase classname="APITestCase.ManageQuotation" name="RecheckStock" time="1.531"/>
  <system-out/>
  <testcase classname="APITestCase.ManageQuotation" name="AddQuotation" time="0.211"/>
  <system-out/>
  <testcase classname="APITestCase.ManageQuotation" name="AddBillingAddress" time="0.166"/>
  <system-out/>
  <testcase classname="APITestCase.ManageQuotation" name="QuotationDetail" time="0.172"/>
  <system-out/>
  <testcase classname="APITestCase.ManageQuotation" name="GetQuotation" time="0.184"/>
  <system-out/>
  <testcase classname="APITestCase.ManageQuotation" name="UpdateBillingAddress" time="0.250"/>
  <system-out/>
  <testcase classname="APITestCase.ManageQuotation" name="AddShippingAddress" time="0.220"/>
  <system-out/>
  <testcase classname="APITestCase.ManageQuotation" name="UpdateQuotation" time="0.211"/>
  <system-out/>
  <testcase classname="APITestCase.ManageQuotation" name="DeleteQuotation" time="0.129"/>
  <system-out/>
  <testcase classname="APITestCase.ManageQuotation" name="AddLead" time="0.359"/>
  <system-out/>
</testsuite> <!-- APITestCase.ManageQuotation -->
