<?xml version="1.0" encoding="UTF-8"?>
<!-- Generated by org.testng.reporters.JUnitReportReporter -->
<testsuite hostname="KTLPT1386" failures="0" tests="3" name="APITestCase.ManageInquiry" time="0.681" errors="0" timestamp="2024-09-05T12:35:28 IST" skipped="0">
  <testcase classname="APITestCase.ManageInquiry" name="UpdateInquiryStatus" time="0.207"/>
  <system-out/>
  <testcase classname="APITestCase.ManageInquiry" name="GetVendorInquiry" time="0.141"/>
  <system-out/>
  <testcase classname="APITestCase.ManageInquiry" name="ExportInquiry" time="0.333"/>
  <system-out/>
</testsuite> <!-- APITestCase.ManageInquiry -->
