<?xml version="1.0" encoding="UTF-8"?>
<!-- Generated by org.testng.reporters.JUnitReportReporter -->
<testsuite hostname="KTLPT1386" failures="0" tests="7" name="APITestCase.Login" time="1.809" errors="0" timestamp="2024-09-05T12:35:28 IST" skipped="0">
  <testcase classname="APITestCase.Login" name="Logout" time="0.184"/>
  <system-out/>
  <testcase classname="APITestCase.Login" name="LoginWithOtp" time="0.330"/>
  <system-out/>
  <testcase classname="APITestCase.Login" name="UserProfile" time="0.178"/>
  <system-out/>
  <testcase classname="APITestCase.Login" name="TestResetPassword" time="0.164"/>
  <system-out/>
  <testcase classname="APITestCase.Login" name="ResetPassword" time="0.188"/>
  <system-out/>
  <testcase classname="APITestCase.Login" name="OtpVerification" time="0.314"/>
  <system-out/>
  <testcase classname="APITestCase.Login" name="LoginWithPassword" time="0.451"/>
  <system-out/>
</testsuite> <!-- APITestCase.Login -->
