<?xml version="1.0" encoding="UTF-8"?>
<!-- Generated by org.testng.reporters.JUnitReportReporter -->
<testsuite hostname="KTLPT1386" failures="0" tests="10" name="MSNagile.ManageUsersAndGroups" time="3.897" errors="0" timestamp="2024-10-01T10:33:18 IST" skipped="0">
  <testcase classname="MSNagile.ManageUsersAndGroups" name="Login" time="0.753"/>
  <system-out/>
  <testcase classname="MSNagile.ManageUsersAndGroups" name="GetAllUsersAndDeactivateIfActive" time="0.147"/>
  <system-out/>
  <testcase classname="MSNagile.ManageUsersAndGroups" name="DeleteGroup" time="0.129"/>
  <system-out/>
  <testcase classname="MSNagile.ManageUsersAndGroups" name="CreateGroup" time="0.417"/>
  <system-out/>
  <testcase classname="MSNagile.ManageUsersAndGroups" name="GetAllUsers" time="0.136"/>
  <system-out/>
  <testcase classname="MSNagile.ManageUsersAndGroups" name="GetAllGroups" time="0.143"/>
  <system-out/>
  <testcase classname="MSNagile.ManageUsersAndGroups" name="UpdateGroup" time="0.470"/>
  <system-out/>
  <testcase classname="MSNagile.ManageUsersAndGroups" name="AssignGroupToUser" time="1.127"/>
  <system-out/>
  <testcase classname="MSNagile.ManageUsersAndGroups" name="GetAllRoles" time="0.176"/>
  <system-out/>
  <testcase classname="MSNagile.ManageUsersAndGroups" name="InviteUser" time="0.399"/>
  <system-out/>
</testsuite> <!-- MSNagile.ManageUsersAndGroups -->
