<?xml version="1.0" encoding="UTF-8"?>
<!-- Generated by org.testng.reporters.JUnitReportReporter -->
<testsuite hostname="KTLPT1386" failures="0" tests="7" name="APITestCase.RolesAndPermissions" time="1.054" errors="0" timestamp="2024-10-01T10:33:18 IST" skipped="0">
  <testcase classname="APITestCase.RolesAndPermissions" name="deleteRole" time="0.144"/>
  <system-out/>
  <testcase classname="APITestCase.RolesAndPermissions" name="getRoleDetail" time="0.138"/>
  <system-out/>
  <testcase classname="APITestCase.RolesAndPermissions" name="getRoles" time="0.110"/>
  <system-out/>
  <testcase classname="APITestCase.RolesAndPermissions" name="RoleList" time="0.185"/>
  <system-out/>
  <testcase classname="APITestCase.RolesAndPermissions" name="editRoleName" time="0.152"/>
  <system-out/>
  <testcase classname="APITestCase.RolesAndPermissions" name="editRole" time="0.169"/>
  <system-out/>
  <testcase classname="APITestCase.RolesAndPermissions" name="createRole" time="0.156"/>
  <system-out/>
</testsuite> <!-- APITestCase.RolesAndPermissions -->
