<?xml version="1.0" encoding="UTF-8"?>
<!-- Generated by org.testng.reporters.JUnitReportReporter -->
<testsuite hostname="KTLPT1386" failures="0" tests="2" name="HrmsAPI.Login" time="11.265" errors="0" timestamp="2024-08-23T16:32:00 IST" skipped="0">
  <testcase classname="HrmsAPI.Login" name="TestCycle" time="9.048"/>
  <system-out/>
  <testcase classname="HrmsAPI.Login" name="Login" time="2.217"/>
  <system-out/>
</testsuite> <!-- HrmsAPI.Login -->
