<?xml version="1.0" encoding="UTF-8"?>
<!-- Generated by org.testng.reporters.JUnitReportReporter -->
<testsuite hostname="KTLPT1386" failures="0" tests="8" name="MSNagile.Login" time="12.712" errors="0" timestamp="2024-09-05T12:35:28 IST" skipped="0">
  <testcase classname="MSNagile.Login" name="Registration" time="6.082"/>
  <system-out/>
  <testcase classname="MSNagile.Login" name="Logout" time="0.235"/>
  <system-out/>
  <testcase classname="MSNagile.Login" name="RefreshToken" time="1.248"/>
  <system-out/>
  <testcase classname="MSNagile.Login" name="ResetPassword" time="0.102"/>
  <system-out/>
  <testcase classname="MSNagile.Login" name="ForgotPassword" time="4.470"/>
  <system-out/>
  <testcase classname="MSNagile.Login" name="GetProfile" time="0.215"/>
  <system-out/>
  <testcase classname="MSNagile.Login" name="EmailVerification" time="0.121"/>
  <system-out/>
  <testcase classname="MSNagile.Login" name="Login" time="0.239"/>
  <system-out/>
</testsuite> <!-- MSNagile.Login -->
