<?xml version="1.0" encoding="UTF-8"?>
<!-- Generated by org.testng.reporters.JUnitReportReporter -->
<testsuite hostname="KTLPT1386" failures="0" tests="3" name="APITestCase.ManageInquiry" time="0.783" errors="0" timestamp="2024-10-01T10:33:18 IST" skipped="0">
  <testcase classname="APITestCase.ManageInquiry" name="UpdateInquiryStatus" time="0.225"/>
  <system-out/>
  <testcase classname="APITestCase.ManageInquiry" name="ExportInquiry" time="0.344"/>
  <system-out/>
  <testcase classname="APITestCase.ManageInquiry" name="GetVendorInquiry" time="0.214"/>
  <system-out/>
</testsuite> <!-- APITestCase.ManageInquiry -->
