<?xml version="1.0" encoding="UTF-8"?>
<!-- Generated by org.testng.reporters.JUnitReportReporter -->
<testsuite hostname="KTLPT1386" failures="0" tests="4" name="MSNagile.ManageOrganization" time="0.745" errors="0" timestamp="2024-10-01T10:33:18 IST" skipped="0">
  <testcase classname="MSNagile.ManageOrganization" name="GetOrgDetail" time="0.142"/>
  <system-out/>
  <testcase classname="MSNagile.ManageOrganization" name="UpdateOrg" time="0.212"/>
  <system-out/>
  <testcase classname="MSNagile.ManageOrganization" name="Login" time="0.286"/>
  <system-out/>
  <testcase classname="MSNagile.ManageOrganization" name="GetTaxIdTypes" time="0.105"/>
  <system-out/>
</testsuite> <!-- MSNagile.ManageOrganization -->
