<?xml version="1.0" encoding="UTF-8"?>
<!-- Generated by org.testng.reporters.JUnitReportReporter -->
<testsuite hostname="KTLPT1386" failures="0" tests="15" name="APITestCase.Dashboard" time="3.730" errors="0" timestamp="2024-09-05T12:35:28 IST" skipped="0">
  <testcase classname="APITestCase.Dashboard" name="StockCheckAnalytics" time="0.184"/>
  <system-out/>
  <testcase classname="APITestCase.Dashboard" name="ExportSalesExecutiveQuotationAnalytics" time="0.437"/>
  <system-out/>
  <testcase classname="APITestCase.Dashboard" name="ExportVendorStrikeRate" time="0.317"/>
  <system-out/>
  <testcase classname="APITestCase.Dashboard" name="ExportLeadConversionReport" time="0.295"/>
  <system-out/>
  <testcase classname="APITestCase.Dashboard" name="GetLeadAnalaytics" time="0.153"/>
  <system-out/>
  <testcase classname="APITestCase.Dashboard" name="GetDashboardData" time="0.173"/>
  <system-out/>
  <testcase classname="APITestCase.Dashboard" name="GetQuotationAnalytics" time="0.153"/>
  <system-out/>
  <testcase classname="APITestCase.Dashboard" name="ExportQuotationAnalytics" time="0.272"/>
  <system-out/>
  <testcase classname="APITestCase.Dashboard" name="ExportVendorPoorResponse" time="0.291"/>
  <system-out/>
  <testcase classname="APITestCase.Dashboard" name="ExportLeadOverDueTask" time="0.273"/>
  <system-out/>
  <testcase classname="APITestCase.Dashboard" name="GetOverDueTask" time="0.156"/>
  <system-out/>
  <testcase classname="APITestCase.Dashboard" name="ExportLeadGenerationSources" time="0.283"/>
  <system-out/>
  <testcase classname="APITestCase.Dashboard" name="LeadConversionReport" time="0.183"/>
  <system-out/>
  <testcase classname="APITestCase.Dashboard" name="ExportVendorQuickResponse" time="0.292"/>
  <system-out/>
  <testcase classname="APITestCase.Dashboard" name="ExportNotYetConvertedQuotation" time="0.268"/>
  <system-out/>
</testsuite> <!-- APITestCase.Dashboard -->
