<?xml version="1.0" encoding="UTF-8"?>
<!-- Generated by org.testng.reporters.JUnitReportReporter -->
<testsuite hostname="KTLPT1386" failures="0" tests="7" name="APITestCase.Login" time="3.161" errors="0" timestamp="2024-10-01T10:33:18 IST" skipped="0">
  <testcase classname="APITestCase.Login" name="LoginWithOtp" time="1.834"/>
  <system-out/>
  <testcase classname="APITestCase.Login" name="LoginWithPassword" time="0.435"/>
  <system-out/>
  <testcase classname="APITestCase.Login" name="TestResetPassword" time="0.194"/>
  <system-out/>
  <testcase classname="APITestCase.Login" name="Logout" time="0.163"/>
  <system-out/>
  <testcase classname="APITestCase.Login" name="UserProfile" time="0.147"/>
  <system-out/>
  <testcase classname="APITestCase.Login" name="OtpVerification" time="0.193"/>
  <system-out/>
  <testcase classname="APITestCase.Login" name="ResetPassword" time="0.195"/>
  <system-out/>
</testsuite> <!-- APITestCase.Login -->
