<?xml version="1.0" encoding="UTF-8"?>
<!-- Generated by org.testng.reporters.JUnitReportReporter -->
<testsuite hostname="KTLPT1386" failures="0" tests="5" name="APITestCase.ManageProfile" time="2.156" errors="0" timestamp="2024-09-05T12:35:28 IST" skipped="0">
  <testcase classname="APITestCase.ManageProfile" name="testChangePassword" time="0.184"/>
  <system-out/>
  <testcase classname="APITestCase.ManageProfile" name="testUploadProfileImage" time="0.274"/>
  <system-out/>
  <testcase classname="APITestCase.ManageProfile" name="testUpdateUserProfile" time="0.202"/>
  <system-out/>
  <testcase classname="APITestCase.ManageProfile" name="testGetUserProfile" time="0.157"/>
  <system-out/>
  <testcase classname="APITestCase.ManageProfile" name="testRemoveProfileImage" time="1.339"/>
  <system-out/>
</testsuite> <!-- APITestCase.ManageProfile -->
