<?xml version="1.0" encoding="UTF-8"?>
<!-- Generated by org.testng.reporters.JUnitReportReporter -->
<testsuite hostname="KTLPT1386" failures="0" tests="1" name="APITestCase.ManageLead" time="4.353" errors="0" timestamp="2024-10-03T12:12:27 IST" skipped="0">
  <testcase classname="APITestCase.ManageLead" name="addUserAndVerifyInGetAllLeads" time="4.353"/>
  <system-out/>
</testsuite> <!-- APITestCase.ManageLead -->
