<?xml version="1.0" encoding="UTF-8"?>
<!-- Generated by org.testng.reporters.JUnitReportReporter -->
<testsuite hostname="KTLPT1386" failures="0" tests="5" name="MSNagile.ManageSubscription" time="1.135" errors="0" timestamp="2024-10-01T10:33:18 IST" skipped="0">
  <testcase classname="MSNagile.ManageSubscription" name="Login" time="0.256"/>
  <system-out/>
  <testcase classname="MSNagile.ManageSubscription" name="GetPaymentHistory" time="0.146"/>
  <system-out/>
  <testcase classname="MSNagile.ManageSubscription" name="SubscribePlan" time="0.391"/>
  <system-out/>
  <testcase classname="MSNagile.ManageSubscription" name="GetActivePlan" time="0.142"/>
  <system-out/>
  <testcase classname="MSNagile.ManageSubscription" name="GetConsumedStorage" time="0.200"/>
  <system-out/>
</testsuite> <!-- MSNagile.ManageSubscription -->
